<?xml version="1.0" encoding="UTF-8"?>
<!-- Generated by org.testng.reporters.JUnitXMLReporter -->
<testsuite ignored="0" hostname="LAPTOP-JUA187N9" failures="6" tests="124" name="test" time="815.574" errors="0" timestamp="2025-04-15T18:28:28 IST">
  <testcase classname="storetest.StoreDetails" name="validTest" time="19.593"/>
  <testcase classname="storetest.StoreDetails" name="testUploadLogo" time="5.459"/>
  <testcase classname="storetest.StoreDetails" name="verifyUnsupportedFileUpload" time="2.341"/>
  <testcase classname="storetest.StoreDetails" name="verifyDeleteLogo" time="2.874"/>
  <testcase classname="storetest.StoreDetails" name="verifymaxsize" time="3.247"/>
  <testcase classname="storetest.StoreDetails" name="validstorename" time="2.433"/>
  <testcase classname="storetest.StoreDetails" name="emptystorename" time="2.399"/>
  <testcase classname="storetest.StoreDetails" name="specialcharactersstorename" time="0.37"/>
  <testcase classname="storetest.StoreDetails" name="minstorename" time="2.449"/>
  <testcase classname="storetest.StoreDetails" name="maxstorename" time="2.343"/>
  <testcase classname="storetest.StoreDetails" name="storetype" time="2.278"/>
  <testcase classname="storetest.StoreDetails" name="storeselect" time="0.611"/>
  <testcase classname="storetest.StoreDetails" name="storetypenotselected" time="2.348"/>
  <testcase classname="storetest.StoreDetails" name="validdoorno" time="2.326"/>
  <testcase classname="storetest.StoreDetails" name="statedd" time="2.276"/>
  <testcase classname="storetest.StoreDetails" name="stateselect" time="2.704"/>
  <testcase classname="storetest.StoreDetails" name="statenotselected" time="2.289"/>
  <testcase classname="storetest.StoreDetails" name="citydd" time="4.741"/>
  <testcase classname="storetest.StoreDetails" name="cityselect" time="5.151"/>
  <testcase classname="storetest.StoreDetails" name="citynotselected" time="2.277"/>
  <testcase classname="storetest.StoreDetails" name="pincodedd" time="7.173"/>
  <testcase classname="storetest.StoreDetails" name="pincodeselect" time="7.509"/>
  <testcase classname="storetest.StoreDetails" name="pincodenotselected" time="2.29"/>
  <testcase classname="storetest.StoreDetails" name="emptydoorno" time="2.315"/>
  <testcase classname="storetest.StoreDetails" name="specialdoorno" time="0.316"/>
  <testcase classname="storetest.StoreDetails" name="maxdoorno" time="2.33"/>
  <testcase classname="storetest.StoreDetails" name="validstreetname" time="2.316"/>
  <testcase classname="storetest.StoreDetails" name="emptystreetname" time="2.321"/>
  <testcase classname="storetest.StoreDetails" name="specialcharacterssteetname" time="0.414"/>
  <testcase classname="storetest.StoreDetails" name="minstreetname" time="2.371"/>
  <testcase classname="storetest.StoreDetails" name="maxstreetname" time="2.398"/>
  <testcase classname="storetest.StoreDetails" name="validLocality" time="2.374"/>
  <testcase classname="storetest.StoreDetails" name="emptyLocality" time="2.315"/>
  <testcase classname="storetest.StoreDetails" name="specialCharacterLocality" time="2.412"/>
  <testcase classname="storetest.StoreDetails" name="lessCharacterLocality" time="2.449"/>
  <testcase classname="storetest.StoreDetails" name="moreCharacterLocality" time="2.298"/>
  <testcase classname="storetest.StoreDetails" name="validEmail" time="3.34"/>
  <testcase classname="storetest.StoreDetails" name="emptyEmail" time="2.301"/>
  <testcase classname="storetest.StoreDetails" name="invalidEmail" time="2.324"/>
  <testcase classname="storetest.StoreDetails" name="specialCharEmail" time="2.35"/>
  <testcase classname="storetest.StoreDetails" name="minemail" time="2.354"/>
  <testcase classname="storetest.StoreDetails" name="maxemail" time="2.377"/>
  <testcase classname="storetest.StoreDetails" name="validPhoneNumber" time="3.334"/>
  <testcase classname="storetest.StoreDetails" name="emptyPhoneNumber" time="2.308"/>
  <testcase classname="storetest.StoreDetails" name="invalidPhoneNumber" time="2.286"/>
  <testcase classname="storetest.StoreDetails" name="lessCharPhoneNumber" time="2.309"/>
  <testcase classname="storetest.StoreDetails" name="moreCharPhoneNumber" time="2.367"/>
  <testcase classname="storetest.StoreDetails" name="duplicatephonenumber" time="15.771">
    <failure type="java.lang.AssertionError" message="Error message for uniwue phone number expected [true] but found [false]">
      <![CDATA[java.lang.AssertionError: Error message for uniwue phone number expected [true] but found [false]
at storetest.StoreDetails.duplicatephonenumber(StoreDetails.java:638)
at java.base/java.util.ArrayList.forEach(ArrayList.java:1597)
... Removed 28 stack frames]]>
    </failure>
  </testcase> <!-- duplicatephonenumber -->
  <testcase classname="storetest.StoreDetails" name="validGst" time="2.322"/>
  <testcase classname="storetest.StoreDetails" name="emptyGst" time="2.298"/>
  <testcase classname="storetest.StoreDetails" name="invalidGst" time="2.314"/>
  <testcase classname="storetest.StoreDetails" name="invalidLenGst" time="2.317"/>
  <testcase classname="storetest.StoreDetails" name="validWebsite" time="2.36"/>
  <testcase classname="storetest.StoreDetails" name="emptyWebsite" time="2.428"/>
  <testcase classname="storetest.StoreDetails" name="invalidWebsite" time="2.302"/>
  <testcase classname="storetest.StoreDetails" name="specialCharWebsite" time="2.336"/>
  <testcase classname="storetest.StoreDetails" name="validFssai" time="2.813"/>
  <testcase classname="storetest.StoreDetails" name="emptyFssaiforFb" time="2.733"/>
  <testcase classname="storetest.StoreDetails" name="emptyFssaiforother" time="2.743"/>
  <testcase classname="storetest.StoreDetails" name="invalidFssai" time="2.283"/>
  <testcase classname="storetest.StoreDetails" name="invalidLenFssai" time="2.33"/>
  <testcase classname="storetest.StoreDetails" name="specialCharFssai" time="2.307"/>
  <testcase classname="storetest.StoreDetails" name="validUdhayamID" time="2.338"/>
  <testcase classname="storetest.StoreDetails" name="emptyUdhayamID" time="2.314"/>
  <testcase classname="storetest.StoreDetails" name="invalidUdhayamID" time="2.299"/>
  <testcase classname="storetest.StoreDetails" name="invalidLenUdhayamID" time="2.298"/>
  <testcase classname="storetest.StoreDetails" name="specialCharUdhayamID" time="2.313"/>
  <testcase classname="storetest.StoreDetails" name="nextButtonBehaviour" time="8.499"/>
  <testcase classname="storetest.StoreDetails" name="invalidNextButtonBehaviour" time="4.354"/>
  <testcase classname="storetest.BankDetails" name="validAccountHolderName" time="4.798"/>
  <testcase classname="storetest.BankDetails" name="emptyAccountHolderName" time="4.825"/>
  <testcase classname="storetest.BankDetails" name="multiSpaceAccountHolderName" time="4.629"/>
  <testcase classname="storetest.BankDetails" name="lessCharAccountHolderName" time="4.584"/>
  <testcase classname="storetest.BankDetails" name="moreCharAccountHolderName" time="4.755"/>
  <testcase classname="storetest.BankDetails" name="validAccountNumber" time="4.737"/>
  <testcase classname="storetest.BankDetails" name="emptyAccountNumber" time="4.659"/>
  <testcase classname="storetest.BankDetails" name="invalidAccountNumber" time="4.675"/>
  <testcase classname="storetest.BankDetails" name="lessCharAccountNumber" time="4.591"/>
  <testcase classname="storetest.BankDetails" name="moreCharAccountNumber" time="4.704"/>
  <testcase classname="storetest.BankDetails" name="specialCharAccountNumber" time="4.788"/>
  <testcase classname="storetest.BankDetails" name="multiSpaceAccountNumber" time="4.887"/>
  <testcase classname="storetest.BankDetails" name="validIfscCode" time="4.755"/>
  <testcase classname="storetest.BankDetails" name="emptyIfscCode" time="4.728"/>
  <testcase classname="storetest.BankDetails" name="spaceIfscCode" time="4.725"/>
  <testcase classname="storetest.BankDetails" name="specialCharIfscCode" time="4.824"/>
  <testcase classname="storetest.BankDetails" name="lessCharIfscCode" time="4.67"/>
  <testcase classname="storetest.BankDetails" name="moreCharIfscCode" time="4.788"/>
  <testcase classname="storetest.BankDetails" name="validBankName" time="4.726"/>
  <testcase classname="storetest.BankDetails" name="emptyBankName" time="4.841"/>
  <testcase classname="storetest.BankDetails" name="multiSpaceBankName" time="4.754"/>
  <testcase classname="storetest.BankDetails" name="lessCharBankName" time="4.789"/>
  <testcase classname="storetest.BankDetails" name="moreCharBankName" time="4.622"/>
  <testcase classname="storetest.BankDetails" name="validBranchName" time="4.704"/>
  <testcase classname="storetest.BankDetails" name="emptyBranchName" time="4.786"/>
  <testcase classname="storetest.BankDetails" name="multiSpaceBranchName" time="4.962"/>
  <testcase classname="storetest.BankDetails" name="lessCharBranchName" time="4.646"/>
  <testcase classname="storetest.BankDetails" name="moreCharBranchName" time="4.92"/>
  <testcase classname="storetest.BankDetails" name="validBranchAddress" time="4.738"/>
  <testcase classname="storetest.BankDetails" name="emptyBranchAddress" time="4.815"/>
  <testcase classname="storetest.BankDetails" name="multiSpaceBranchAddress" time="4.668"/>
  <testcase classname="storetest.BankDetails" name="lessCharBranchAddress" time="4.565"/>
  <testcase classname="storetest.BankDetails" name="moreCharBranchAddress" time="4.678"/>
  <testcase classname="storetest.BankDetails" name="validPanCard" time="4.598"/>
  <testcase classname="storetest.BankDetails" name="emptyPanCard" time="4.831"/>
  <testcase classname="storetest.BankDetails" name="invalidPanCard" time="4.686"/>
  <testcase classname="storetest.BankDetails" name="lessCharPanCard" time="4.806"/>
  <testcase classname="storetest.BankDetails" name="moreCharPanCard" time="4.803"/>
  <testcase classname="storetest.BankDetails" name="specialCharPanCard" time="4.753"/>
  <testcase classname="storetest.BankDetails" name="multiSpacePanCard" time="4.933"/>
  <testcase classname="storetest.BankDetails" name="validUpiId" time="4.813"/>
  <testcase classname="storetest.BankDetails" name="invalidUpiId" time="4.825"/>
  <testcase classname="storetest.BankDetails" name="spaceUiId" time="4.791"/>
  <testcase classname="storetest.BankDetails" name="specialCharUpiId" time="4.692"/>
  <testcase classname="storetest.BankDetails" name="backButtonBehaviour" time="12.695"/>
  <testcase classname="storetest.BankDetails" name="registerStoresuccessfull" time="14.743"/>
  <testcase classname="storetest.KYCPage" name="kycpage" time="12.707"/>
  <testcase classname="storetest.KYCPage" name="validKYCDocument" time="13.487"/>
  <testcase classname="storetest.KYCPage" name="emptyKYCDocument" time="10.763">
    <failure type="com.microsoft.playwright.PlaywrightException" message="Error {
  message=&amp;apos;Error: strict mode violation: locator(&amp;quot;//div[contains(@class, &amp;apos;fnIpjs&amp;apos;)]&amp;quot;) resolved to 5 elements:
    1) &amp;lt;div class=&amp;quot;sc-FEMpB fnIpjs&amp;quot;&amp;gt;PAN Card is required&amp;lt;/div&amp;gt; aka getByText(&amp;quot;PAN Card is required&amp;quot;, new Page.GetByTextOptions().setExact(true))
    2) &amp;lt;div class=&amp;quot;sc-FEMpB fnIpjs&amp;quot;&amp;gt;Aadhar Card is required&amp;lt;/div&amp;gt; aka getByText(&amp;quot;Aadhar Card is required&amp;quot;)
    3) &amp;lt;div class=&amp;quot;sc-FEMpB fnIpjs&amp;quot;&amp;gt;Cancelled Cheque is required&amp;lt;/div&amp;gt; aka getByText(&amp;quot;Cancelled Cheque is required&amp;quot;)
    4) &amp;lt;div class=&amp;quot;sc-FEMpB fnIpjs&amp;quot;&amp;gt;Address Proof is required&amp;lt;/div&amp;gt; aka getByText(&amp;quot;Address Proof is required&amp;quot;)
    5) &amp;lt;div class=&amp;quot;sc-FEMpB fnIpjs&amp;quot;&amp;gt;Owner PAN Card is required&amp;lt;/div&amp;gt; aka getByText(&amp;quot;Owner PAN Card is required&amp;quot;)

  name=&amp;apos;Error
  stack=&amp;apos;Error: Error: strict mode violation: locator(&amp;quot;//div[contains(@class, &amp;apos;fnIpjs&amp;apos;)]&amp;quot;) resolved to 5 elements:
    1) &amp;lt;div class=&amp;quot;sc-FEMpB fnIpjs&amp;quot;&amp;gt;PAN Card is required&amp;lt;/div&amp;gt; aka getByText(&amp;quot;PAN Card is required&amp;quot;, new Page.GetByTextOptions().setExact(true))
    2) &amp;lt;div class=&amp;quot;sc-FEMpB fnIpjs&amp;quot;&amp;gt;Aadhar Card is required&amp;lt;/div&amp;gt; aka getByText(&amp;quot;Aadhar Card is required&amp;quot;)
    3) &amp;lt;div class=&amp;quot;sc-FEMpB fnIpjs&amp;quot;&amp;gt;Cancelled Cheque is required&amp;lt;/div&amp;gt; aka getByText(&amp;quot;Cancelled Cheque is required&amp;quot;)
    4) &amp;lt;div class=&amp;quot;sc-FEMpB fnIpjs&amp;quot;&amp;gt;Address Proof is required&amp;lt;/div&amp;gt; aka getByText(&amp;quot;Address Proof is required&amp;quot;)
    5) &amp;lt;div class=&amp;quot;sc-FEMpB fnIpjs&amp;quot;&amp;gt;Owner PAN Card is required&amp;lt;/div&amp;gt; aka getByText(&amp;quot;Owner PAN Card is required&amp;quot;)

    at CRExecutionContext.evaluateWithArguments (C:\Users\VICKYS~1\AppData\Local\Temp\playwright-java-2921448049461292389\package\lib\server\chromium\crExecutionContext.js:79:33)
    at async LongStandingScope._race (C:\Users\VICKYS~1\AppData\Local\Temp\playwright-java-2921448049461292389\package\lib\utils\manualPromise.js:96:14)
    at async evaluateExpression (C:\Users\VICKYS~1\AppData\Local\Temp\playwright-java-2921448049461292389\package\lib\server\javascript.js:229:12)
    at async C:\Users\VICKYS~1\AppData\Local\Temp\playwright-java-2921448049461292389\package\lib\server\frames.js:1489:13
    at async Frame.retryWithProgressAndTimeouts (C:\Users\VICKYS~1\AppData\Local\Temp\playwright-java-2921448049461292389\package\lib\server\frames.js:935:24)
    at async ProgressController.run (C:\Users\VICKYS~1\AppData\Local\Temp\playwright-java-2921448049461292389\package\lib\server\progress.js:79:22)
    at async FrameDispatcher.innerText (C:\Users\VICKYS~1\AppData\Local\Temp\playwright-java-2921448049461292389\package\lib\server\dispatchers\frameDispatcher.js:186:14)
    at async LongStandingScope._race (C:\Users\VICKYS~1\AppData\Local\Temp\playwright-java-2921448049461292389\package\lib\utils\manualPromise.js:96:14)
    at async FrameDispatcher._handleCommand (C:\Users\VICKYS~1\AppData\Local\Temp\playwright-java-2921448049461292389\package\lib\server\dispatchers\dispatcher.js:96:14)
    at async DispatcherConnection.dispatch (C:\Users\VICKYS~1\AppData\Local\Temp\playwright-java-2921448049461292389\package\lib\server\dispatchers\dispatcher.js:361:22)
}
Call log:
-   - waiting for locator(&amp;quot;//div[contains(@class, &amp;apos;fnIpjs&amp;apos;)]&amp;quot;)
">
      <![CDATA[com.microsoft.playwright.PlaywrightException: Error {
  message='Error: strict mode violation: locator("//div[contains(@class, 'fnIpjs')]") resolved to 5 elements:
    1) <div class="sc-FEMpB fnIpjs">PAN Card is required</div> aka getByText("PAN Card is required", new Page.GetByTextOptions().setExact(true))
    2) <div class="sc-FEMpB fnIpjs">Aadhar Card is required</div> aka getByText("Aadhar Card is required")
    3) <div class="sc-FEMpB fnIpjs">Cancelled Cheque is required</div> aka getByText("Cancelled Cheque is required")
    4) <div class="sc-FEMpB fnIpjs">Address Proof is required</div> aka getByText("Address Proof is required")
    5) <div class="sc-FEMpB fnIpjs">Owner PAN Card is required</div> aka getByText("Owner PAN Card is required")

  name='Error
  stack='Error: Error: strict mode violation: locator("//div[contains(@class, 'fnIpjs')]") resolved to 5 elements:
    1) <div class="sc-FEMpB fnIpjs">PAN Card is required</div> aka getByText("PAN Card is required", new Page.GetByTextOptions().setExact(true))
    2) <div class="sc-FEMpB fnIpjs">Aadhar Card is required</div> aka getByText("Aadhar Card is required")
    3) <div class="sc-FEMpB fnIpjs">Cancelled Cheque is required</div> aka getByText("Cancelled Cheque is required")
    4) <div class="sc-FEMpB fnIpjs">Address Proof is required</div> aka getByText("Address Proof is required")
    5) <div class="sc-FEMpB fnIpjs">Owner PAN Card is required</div> aka getByText("Owner PAN Card is required")

    at CRExecutionContext.evaluateWithArguments (C:\Users\VICKYS~1\AppData\Local\Temp\playwright-java-2921448049461292389\package\lib\server\chromium\crExecutionContext.js:79:33)
    at async LongStandingScope._race (C:\Users\VICKYS~1\AppData\Local\Temp\playwright-java-2921448049461292389\package\lib\utils\manualPromise.js:96:14)
    at async evaluateExpression (C:\Users\VICKYS~1\AppData\Local\Temp\playwright-java-2921448049461292389\package\lib\server\javascript.js:229:12)
    at async C:\Users\VICKYS~1\AppData\Local\Temp\playwright-java-2921448049461292389\package\lib\server\frames.js:1489:13
    at async Frame.retryWithProgressAndTimeouts (C:\Users\VICKYS~1\AppData\Local\Temp\playwright-java-2921448049461292389\package\lib\server\frames.js:935:24)
    at async ProgressController.run (C:\Users\VICKYS~1\AppData\Local\Temp\playwright-java-2921448049461292389\package\lib\server\progress.js:79:22)
    at async FrameDispatcher.innerText (C:\Users\VICKYS~1\AppData\Local\Temp\playwright-java-2921448049461292389\package\lib\server\dispatchers\frameDispatcher.js:186:14)
    at async LongStandingScope._race (C:\Users\VICKYS~1\AppData\Local\Temp\playwright-java-2921448049461292389\package\lib\utils\manualPromise.js:96:14)
    at async FrameDispatcher._handleCommand (C:\Users\VICKYS~1\AppData\Local\Temp\playwright-java-2921448049461292389\package\lib\server\dispatchers\dispatcher.js:96:14)
    at async DispatcherConnection.dispatch (C:\Users\VICKYS~1\AppData\Local\Temp\playwright-java-2921448049461292389\package\lib\server\dispatchers\dispatcher.js:361:22)
}
Call log:
-   - waiting for locator("//div[contains(@class, 'fnIpjs')]")

at com.microsoft.playwright.impl.WaitableResult.get(WaitableResult.java:56)
at com.microsoft.playwright.impl.ChannelOwner.runUntil(ChannelOwner.java:132)
at com.microsoft.playwright.impl.Connection.sendMessage(Connection.java:130)
at com.microsoft.playwright.impl.ChannelOwner.sendMessage(ChannelOwner.java:118)
at com.microsoft.playwright.impl.FrameImpl.innerTextImpl(FrameImpl.java:526)
at com.microsoft.playwright.impl.FrameImpl.lambda$innerText$22(FrameImpl.java:517)
at com.microsoft.playwright.impl.LoggingSupport.withLogging(LoggingSupport.java:47)
at com.microsoft.playwright.impl.ChannelOwner.withLogging(ChannelOwner.java:97)
at com.microsoft.playwright.impl.FrameImpl.innerText(FrameImpl.java:517)
at com.microsoft.playwright.impl.LocatorImpl.innerText(LocatorImpl.java:375)
at com.microsoft.playwright.Locator.innerText(Locator.java:3845)
at storetest.KYCPage.emptyKYCDocument(KYCPage.java:50)
at java.base/java.util.ArrayList.forEach(ArrayList.java:1597)
Caused by: com.microsoft.playwright.impl.DriverException: Error {
  message='Error: strict mode violation: locator("//div[contains(@class, 'fnIpjs')]") resolved to 5 elements:
    1) <div class="sc-FEMpB fnIpjs">PAN Card is required</div> aka getByText("PAN Card is required", new Page.GetByTextOptions().setExact(true))
    2) <div class="sc-FEMpB fnIpjs">Aadhar Card is required</div> aka getByText("Aadhar Card is required")
    3) <div class="sc-FEMpB fnIpjs">Cancelled Cheque is required</div> aka getByText("Cancelled Cheque is required")
    4) <div class="sc-FEMpB fnIpjs">Address Proof is required</div> aka getByText("Address Proof is required")
    5) <div class="sc-FEMpB fnIpjs">Owner PAN Card is required</div> aka getByText("Owner PAN Card is required")

  name='Error
  stack='Error: Error: strict mode violation: locator("//div[contains(@class, 'fnIpjs')]") resolved to 5 elements:
    1) <div class="sc-FEMpB fnIpjs">PAN Card is required</div> aka getByText("PAN Card is required", new Page.GetByTextOptions().setExact(true))
    2) <div class="sc-FEMpB fnIpjs">Aadhar Card is required</div> aka getByText("Aadhar Card is required")
    3) <div class="sc-FEMpB fnIpjs">Cancelled Cheque is required</div> aka getByText("Cancelled Cheque is required")
    4) <div class="sc-FEMpB fnIpjs">Address Proof is required</div> aka getByText("Address Proof is required")
    5) <div class="sc-FEMpB fnIpjs">Owner PAN Card is required</div> aka getByText("Owner PAN Card is required")

    at CRExecutionContext.evaluateWithArguments (C:\Users\VICKYS~1\AppData\Local\Temp\playwright-java-2921448049461292389\package\lib\server\chromium\crExecutionContext.js:79:33)
    at async LongStandingScope._race (C:\Users\VICKYS~1\AppData\Local\Temp\playwright-java-2921448049461292389\package\lib\utils\manualPromise.js:96:14)
    at async evaluateExpression (C:\Users\VICKYS~1\AppData\Local\Temp\playwright-java-2921448049461292389\package\lib\server\javascript.js:229:12)
    at async C:\Users\VICKYS~1\AppData\Local\Temp\playwright-java-2921448049461292389\package\lib\server\frames.js:1489:13
    at async Frame.retryWithProgressAndTimeouts (C:\Users\VICKYS~1\AppData\Local\Temp\playwright-java-2921448049461292389\package\lib\server\frames.js:935:24)
    at async ProgressController.run (C:\Users\VICKYS~1\AppData\Local\Temp\playwright-java-2921448049461292389\package\lib\server\progress.js:79:22)
    at async FrameDispatcher.innerText (C:\Users\VICKYS~1\AppData\Local\Temp\playwright-java-2921448049461292389\package\lib\server\dispatchers\frameDispatcher.js:186:14)
    at async LongStandingScope._race (C:\Users\VICKYS~1\AppData\Local\Temp\playwright-java-2921448049461292389\package\lib\utils\manualPromise.js:96:14)
    at async FrameDispatcher._handleCommand (C:\Users\VICKYS~1\AppData\Local\Temp\playwright-java-2921448049461292389\package\lib\server\dispatchers\dispatcher.js:96:14)
    at async DispatcherConnection.dispatch (C:\Users\VICKYS~1\AppData\Local\Temp\playwright-java-2921448049461292389\package\lib\server\dispatchers\dispatcher.js:361:22)
}
Call log:
-   - waiting for locator("//div[contains(@class, 'fnIpjs')]")

at com.microsoft.playwright.impl.Connection.dispatch(Connection.java:259)
at com.microsoft.playwright.impl.Connection.processOneMessage(Connection.java:211)
at com.microsoft.playwright.impl.ChannelOwner.runUntil(ChannelOwner.java:130)
... 36 more
... Removed 25 stack frames]]>
    </failure>
  </testcase> <!-- emptyKYCDocument -->
  <testcase classname="storetest.KYCPage" name="unsupportedKYCDocument" time="13.597">
    <failure type="com.microsoft.playwright.PlaywrightException" message="Error {
  message=&amp;apos;Error: strict mode violation: locator(&amp;quot;//div[contains(@class, &amp;apos;fnIpjs&amp;apos;)]&amp;quot;) resolved to 5 elements:
    1) &amp;lt;div class=&amp;quot;sc-FEMpB fnIpjs&amp;quot;&amp;gt;Unsupported format, must be JPEG, PNG, or PDF&amp;lt;/div&amp;gt; aka getByText(&amp;quot;Unsupported format, must be&amp;quot;)
    2) &amp;lt;div class=&amp;quot;sc-FEMpB fnIpjs&amp;quot;&amp;gt;Aadhar Card is required&amp;lt;/div&amp;gt; aka getByText(&amp;quot;Aadhar Card is required&amp;quot;)
    3) &amp;lt;div class=&amp;quot;sc-FEMpB fnIpjs&amp;quot;&amp;gt;Cancelled Cheque is required&amp;lt;/div&amp;gt; aka getByText(&amp;quot;Cancelled Cheque is required&amp;quot;)
    4) &amp;lt;div class=&amp;quot;sc-FEMpB fnIpjs&amp;quot;&amp;gt;Address Proof is required&amp;lt;/div&amp;gt; aka getByText(&amp;quot;Address Proof is required&amp;quot;)
    5) &amp;lt;div class=&amp;quot;sc-FEMpB fnIpjs&amp;quot;&amp;gt;Owner PAN Card is required&amp;lt;/div&amp;gt; aka getByText(&amp;quot;Owner PAN Card is required&amp;quot;)

  name=&amp;apos;Error
  stack=&amp;apos;Error: Error: strict mode violation: locator(&amp;quot;//div[contains(@class, &amp;apos;fnIpjs&amp;apos;)]&amp;quot;) resolved to 5 elements:
    1) &amp;lt;div class=&amp;quot;sc-FEMpB fnIpjs&amp;quot;&amp;gt;Unsupported format, must be JPEG, PNG, or PDF&amp;lt;/div&amp;gt; aka getByText(&amp;quot;Unsupported format, must be&amp;quot;)
    2) &amp;lt;div class=&amp;quot;sc-FEMpB fnIpjs&amp;quot;&amp;gt;Aadhar Card is required&amp;lt;/div&amp;gt; aka getByText(&amp;quot;Aadhar Card is required&amp;quot;)
    3) &amp;lt;div class=&amp;quot;sc-FEMpB fnIpjs&amp;quot;&amp;gt;Cancelled Cheque is required&amp;lt;/div&amp;gt; aka getByText(&amp;quot;Cancelled Cheque is required&amp;quot;)
    4) &amp;lt;div class=&amp;quot;sc-FEMpB fnIpjs&amp;quot;&amp;gt;Address Proof is required&amp;lt;/div&amp;gt; aka getByText(&amp;quot;Address Proof is required&amp;quot;)
    5) &amp;lt;div class=&amp;quot;sc-FEMpB fnIpjs&amp;quot;&amp;gt;Owner PAN Card is required&amp;lt;/div&amp;gt; aka getByText(&amp;quot;Owner PAN Card is required&amp;quot;)

    at CRExecutionContext.evaluateWithArguments (C:\Users\VICKYS~1\AppData\Local\Temp\playwright-java-2921448049461292389\package\lib\server\chromium\crExecutionContext.js:79:33)
    at async LongStandingScope._race (C:\Users\VICKYS~1\AppData\Local\Temp\playwright-java-2921448049461292389\package\lib\utils\manualPromise.js:96:14)
    at async evaluateExpression (C:\Users\VICKYS~1\AppData\Local\Temp\playwright-java-2921448049461292389\package\lib\server\javascript.js:229:12)
    at async C:\Users\VICKYS~1\AppData\Local\Temp\playwright-java-2921448049461292389\package\lib\server\frames.js:1489:13
    at async Frame.retryWithProgressAndTimeouts (C:\Users\VICKYS~1\AppData\Local\Temp\playwright-java-2921448049461292389\package\lib\server\frames.js:935:24)
    at async ProgressController.run (C:\Users\VICKYS~1\AppData\Local\Temp\playwright-java-2921448049461292389\package\lib\server\progress.js:79:22)
    at async FrameDispatcher.innerText (C:\Users\VICKYS~1\AppData\Local\Temp\playwright-java-2921448049461292389\package\lib\server\dispatchers\frameDispatcher.js:186:14)
    at async LongStandingScope._race (C:\Users\VICKYS~1\AppData\Local\Temp\playwright-java-2921448049461292389\package\lib\utils\manualPromise.js:96:14)
    at async FrameDispatcher._handleCommand (C:\Users\VICKYS~1\AppData\Local\Temp\playwright-java-2921448049461292389\package\lib\server\dispatchers\dispatcher.js:96:14)
    at async DispatcherConnection.dispatch (C:\Users\VICKYS~1\AppData\Local\Temp\playwright-java-2921448049461292389\package\lib\server\dispatchers\dispatcher.js:361:22)
}
Call log:
-   - waiting for locator(&amp;quot;//div[contains(@class, &amp;apos;fnIpjs&amp;apos;)]&amp;quot;)
">
      <![CDATA[com.microsoft.playwright.PlaywrightException: Error {
  message='Error: strict mode violation: locator("//div[contains(@class, 'fnIpjs')]") resolved to 5 elements:
    1) <div class="sc-FEMpB fnIpjs">Unsupported format, must be JPEG, PNG, or PDF</div> aka getByText("Unsupported format, must be")
    2) <div class="sc-FEMpB fnIpjs">Aadhar Card is required</div> aka getByText("Aadhar Card is required")
    3) <div class="sc-FEMpB fnIpjs">Cancelled Cheque is required</div> aka getByText("Cancelled Cheque is required")
    4) <div class="sc-FEMpB fnIpjs">Address Proof is required</div> aka getByText("Address Proof is required")
    5) <div class="sc-FEMpB fnIpjs">Owner PAN Card is required</div> aka getByText("Owner PAN Card is required")

  name='Error
  stack='Error: Error: strict mode violation: locator("//div[contains(@class, 'fnIpjs')]") resolved to 5 elements:
    1) <div class="sc-FEMpB fnIpjs">Unsupported format, must be JPEG, PNG, or PDF</div> aka getByText("Unsupported format, must be")
    2) <div class="sc-FEMpB fnIpjs">Aadhar Card is required</div> aka getByText("Aadhar Card is required")
    3) <div class="sc-FEMpB fnIpjs">Cancelled Cheque is required</div> aka getByText("Cancelled Cheque is required")
    4) <div class="sc-FEMpB fnIpjs">Address Proof is required</div> aka getByText("Address Proof is required")
    5) <div class="sc-FEMpB fnIpjs">Owner PAN Card is required</div> aka getByText("Owner PAN Card is required")

    at CRExecutionContext.evaluateWithArguments (C:\Users\VICKYS~1\AppData\Local\Temp\playwright-java-2921448049461292389\package\lib\server\chromium\crExecutionContext.js:79:33)
    at async LongStandingScope._race (C:\Users\VICKYS~1\AppData\Local\Temp\playwright-java-2921448049461292389\package\lib\utils\manualPromise.js:96:14)
    at async evaluateExpression (C:\Users\VICKYS~1\AppData\Local\Temp\playwright-java-2921448049461292389\package\lib\server\javascript.js:229:12)
    at async C:\Users\VICKYS~1\AppData\Local\Temp\playwright-java-2921448049461292389\package\lib\server\frames.js:1489:13
    at async Frame.retryWithProgressAndTimeouts (C:\Users\VICKYS~1\AppData\Local\Temp\playwright-java-2921448049461292389\package\lib\server\frames.js:935:24)
    at async ProgressController.run (C:\Users\VICKYS~1\AppData\Local\Temp\playwright-java-2921448049461292389\package\lib\server\progress.js:79:22)
    at async FrameDispatcher.innerText (C:\Users\VICKYS~1\AppData\Local\Temp\playwright-java-2921448049461292389\package\lib\server\dispatchers\frameDispatcher.js:186:14)
    at async LongStandingScope._race (C:\Users\VICKYS~1\AppData\Local\Temp\playwright-java-2921448049461292389\package\lib\utils\manualPromise.js:96:14)
    at async FrameDispatcher._handleCommand (C:\Users\VICKYS~1\AppData\Local\Temp\playwright-java-2921448049461292389\package\lib\server\dispatchers\dispatcher.js:96:14)
    at async DispatcherConnection.dispatch (C:\Users\VICKYS~1\AppData\Local\Temp\playwright-java-2921448049461292389\package\lib\server\dispatchers\dispatcher.js:361:22)
}
Call log:
-   - waiting for locator("//div[contains(@class, 'fnIpjs')]")

at com.microsoft.playwright.impl.WaitableResult.get(WaitableResult.java:56)
at com.microsoft.playwright.impl.ChannelOwner.runUntil(ChannelOwner.java:132)
at com.microsoft.playwright.impl.Connection.sendMessage(Connection.java:130)
at com.microsoft.playwright.impl.ChannelOwner.sendMessage(ChannelOwner.java:118)
at com.microsoft.playwright.impl.FrameImpl.innerTextImpl(FrameImpl.java:526)
at com.microsoft.playwright.impl.FrameImpl.lambda$innerText$22(FrameImpl.java:517)
at com.microsoft.playwright.impl.LoggingSupport.withLogging(LoggingSupport.java:47)
at com.microsoft.playwright.impl.ChannelOwner.withLogging(ChannelOwner.java:97)
at com.microsoft.playwright.impl.FrameImpl.innerText(FrameImpl.java:517)
at com.microsoft.playwright.impl.LocatorImpl.innerText(LocatorImpl.java:375)
at com.microsoft.playwright.Locator.innerText(Locator.java:3845)
at storetest.KYCPage.unsupportedKYCDocument(KYCPage.java:69)
at java.base/java.util.ArrayList.forEach(ArrayList.java:1597)
Caused by: com.microsoft.playwright.impl.DriverException: Error {
  message='Error: strict mode violation: locator("//div[contains(@class, 'fnIpjs')]") resolved to 5 elements:
    1) <div class="sc-FEMpB fnIpjs">Unsupported format, must be JPEG, PNG, or PDF</div> aka getByText("Unsupported format, must be")
    2) <div class="sc-FEMpB fnIpjs">Aadhar Card is required</div> aka getByText("Aadhar Card is required")
    3) <div class="sc-FEMpB fnIpjs">Cancelled Cheque is required</div> aka getByText("Cancelled Cheque is required")
    4) <div class="sc-FEMpB fnIpjs">Address Proof is required</div> aka getByText("Address Proof is required")
    5) <div class="sc-FEMpB fnIpjs">Owner PAN Card is required</div> aka getByText("Owner PAN Card is required")

  name='Error
  stack='Error: Error: strict mode violation: locator("//div[contains(@class, 'fnIpjs')]") resolved to 5 elements:
    1) <div class="sc-FEMpB fnIpjs">Unsupported format, must be JPEG, PNG, or PDF</div> aka getByText("Unsupported format, must be")
    2) <div class="sc-FEMpB fnIpjs">Aadhar Card is required</div> aka getByText("Aadhar Card is required")
    3) <div class="sc-FEMpB fnIpjs">Cancelled Cheque is required</div> aka getByText("Cancelled Cheque is required")
    4) <div class="sc-FEMpB fnIpjs">Address Proof is required</div> aka getByText("Address Proof is required")
    5) <div class="sc-FEMpB fnIpjs">Owner PAN Card is required</div> aka getByText("Owner PAN Card is required")

    at CRExecutionContext.evaluateWithArguments (C:\Users\VICKYS~1\AppData\Local\Temp\playwright-java-2921448049461292389\package\lib\server\chromium\crExecutionContext.js:79:33)
    at async LongStandingScope._race (C:\Users\VICKYS~1\AppData\Local\Temp\playwright-java-2921448049461292389\package\lib\utils\manualPromise.js:96:14)
    at async evaluateExpression (C:\Users\VICKYS~1\AppData\Local\Temp\playwright-java-2921448049461292389\package\lib\server\javascript.js:229:12)
    at async C:\Users\VICKYS~1\AppData\Local\Temp\playwright-java-2921448049461292389\package\lib\server\frames.js:1489:13
    at async Frame.retryWithProgressAndTimeouts (C:\Users\VICKYS~1\AppData\Local\Temp\playwright-java-2921448049461292389\package\lib\server\frames.js:935:24)
    at async ProgressController.run (C:\Users\VICKYS~1\AppData\Local\Temp\playwright-java-2921448049461292389\package\lib\server\progress.js:79:22)
    at async FrameDispatcher.innerText (C:\Users\VICKYS~1\AppData\Local\Temp\playwright-java-2921448049461292389\package\lib\server\dispatchers\frameDispatcher.js:186:14)
    at async LongStandingScope._race (C:\Users\VICKYS~1\AppData\Local\Temp\playwright-java-2921448049461292389\package\lib\utils\manualPromise.js:96:14)
    at async FrameDispatcher._handleCommand (C:\Users\VICKYS~1\AppData\Local\Temp\playwright-java-2921448049461292389\package\lib\server\dispatchers\dispatcher.js:96:14)
    at async DispatcherConnection.dispatch (C:\Users\VICKYS~1\AppData\Local\Temp\playwright-java-2921448049461292389\package\lib\server\dispatchers\dispatcher.js:361:22)
}
Call log:
-   - waiting for locator("//div[contains(@class, 'fnIpjs')]")

at com.microsoft.playwright.impl.Connection.dispatch(Connection.java:259)
at com.microsoft.playwright.impl.Connection.processOneMessage(Connection.java:211)
at com.microsoft.playwright.impl.ChannelOwner.runUntil(ChannelOwner.java:130)
... 36 more
... Removed 25 stack frames]]>
    </failure>
  </testcase> <!-- unsupportedKYCDocument -->
  <testcase classname="storetest.KYCPage" name="maxSizeKYCDocument" time="14.402">
    <failure type="com.microsoft.playwright.PlaywrightException" message="Error {
  message=&amp;apos;Error: strict mode violation: locator(&amp;quot;//div[contains(@class, &amp;apos;fnIpjs&amp;apos;)]&amp;quot;) resolved to 5 elements:
    1) &amp;lt;div class=&amp;quot;sc-FEMpB fnIpjs&amp;quot;&amp;gt;File size too large, maximum is 2MB&amp;lt;/div&amp;gt; aka getByText(&amp;quot;File size too large, maximum&amp;quot;)
    2) &amp;lt;div class=&amp;quot;sc-FEMpB fnIpjs&amp;quot;&amp;gt;Aadhar Card is required&amp;lt;/div&amp;gt; aka getByText(&amp;quot;Aadhar Card is required&amp;quot;)
    3) &amp;lt;div class=&amp;quot;sc-FEMpB fnIpjs&amp;quot;&amp;gt;Cancelled Cheque is required&amp;lt;/div&amp;gt; aka getByText(&amp;quot;Cancelled Cheque is required&amp;quot;)
    4) &amp;lt;div class=&amp;quot;sc-FEMpB fnIpjs&amp;quot;&amp;gt;Address Proof is required&amp;lt;/div&amp;gt; aka getByText(&amp;quot;Address Proof is required&amp;quot;)
    5) &amp;lt;div class=&amp;quot;sc-FEMpB fnIpjs&amp;quot;&amp;gt;Owner PAN Card is required&amp;lt;/div&amp;gt; aka getByText(&amp;quot;Owner PAN Card is required&amp;quot;)

  name=&amp;apos;Error
  stack=&amp;apos;Error: Error: strict mode violation: locator(&amp;quot;//div[contains(@class, &amp;apos;fnIpjs&amp;apos;)]&amp;quot;) resolved to 5 elements:
    1) &amp;lt;div class=&amp;quot;sc-FEMpB fnIpjs&amp;quot;&amp;gt;File size too large, maximum is 2MB&amp;lt;/div&amp;gt; aka getByText(&amp;quot;File size too large, maximum&amp;quot;)
    2) &amp;lt;div class=&amp;quot;sc-FEMpB fnIpjs&amp;quot;&amp;gt;Aadhar Card is required&amp;lt;/div&amp;gt; aka getByText(&amp;quot;Aadhar Card is required&amp;quot;)
    3) &amp;lt;div class=&amp;quot;sc-FEMpB fnIpjs&amp;quot;&amp;gt;Cancelled Cheque is required&amp;lt;/div&amp;gt; aka getByText(&amp;quot;Cancelled Cheque is required&amp;quot;)
    4) &amp;lt;div class=&amp;quot;sc-FEMpB fnIpjs&amp;quot;&amp;gt;Address Proof is required&amp;lt;/div&amp;gt; aka getByText(&amp;quot;Address Proof is required&amp;quot;)
    5) &amp;lt;div class=&amp;quot;sc-FEMpB fnIpjs&amp;quot;&amp;gt;Owner PAN Card is required&amp;lt;/div&amp;gt; aka getByText(&amp;quot;Owner PAN Card is required&amp;quot;)

    at CRExecutionContext.evaluateWithArguments (C:\Users\VICKYS~1\AppData\Local\Temp\playwright-java-2921448049461292389\package\lib\server\chromium\crExecutionContext.js:79:33)
    at async LongStandingScope._race (C:\Users\VICKYS~1\AppData\Local\Temp\playwright-java-2921448049461292389\package\lib\utils\manualPromise.js:96:14)
    at async evaluateExpression (C:\Users\VICKYS~1\AppData\Local\Temp\playwright-java-2921448049461292389\package\lib\server\javascript.js:229:12)
    at async C:\Users\VICKYS~1\AppData\Local\Temp\playwright-java-2921448049461292389\package\lib\server\frames.js:1489:13
    at async Frame.retryWithProgressAndTimeouts (C:\Users\VICKYS~1\AppData\Local\Temp\playwright-java-2921448049461292389\package\lib\server\frames.js:935:24)
    at async ProgressController.run (C:\Users\VICKYS~1\AppData\Local\Temp\playwright-java-2921448049461292389\package\lib\server\progress.js:79:22)
    at async FrameDispatcher.innerText (C:\Users\VICKYS~1\AppData\Local\Temp\playwright-java-2921448049461292389\package\lib\server\dispatchers\frameDispatcher.js:186:14)
    at async LongStandingScope._race (C:\Users\VICKYS~1\AppData\Local\Temp\playwright-java-2921448049461292389\package\lib\utils\manualPromise.js:96:14)
    at async FrameDispatcher._handleCommand (C:\Users\VICKYS~1\AppData\Local\Temp\playwright-java-2921448049461292389\package\lib\server\dispatchers\dispatcher.js:96:14)
    at async DispatcherConnection.dispatch (C:\Users\VICKYS~1\AppData\Local\Temp\playwright-java-2921448049461292389\package\lib\server\dispatchers\dispatcher.js:361:22)
}
Call log:
-   - waiting for locator(&amp;quot;//div[contains(@class, &amp;apos;fnIpjs&amp;apos;)]&amp;quot;)
">
      <![CDATA[com.microsoft.playwright.PlaywrightException: Error {
  message='Error: strict mode violation: locator("//div[contains(@class, 'fnIpjs')]") resolved to 5 elements:
    1) <div class="sc-FEMpB fnIpjs">File size too large, maximum is 2MB</div> aka getByText("File size too large, maximum")
    2) <div class="sc-FEMpB fnIpjs">Aadhar Card is required</div> aka getByText("Aadhar Card is required")
    3) <div class="sc-FEMpB fnIpjs">Cancelled Cheque is required</div> aka getByText("Cancelled Cheque is required")
    4) <div class="sc-FEMpB fnIpjs">Address Proof is required</div> aka getByText("Address Proof is required")
    5) <div class="sc-FEMpB fnIpjs">Owner PAN Card is required</div> aka getByText("Owner PAN Card is required")

  name='Error
  stack='Error: Error: strict mode violation: locator("//div[contains(@class, 'fnIpjs')]") resolved to 5 elements:
    1) <div class="sc-FEMpB fnIpjs">File size too large, maximum is 2MB</div> aka getByText("File size too large, maximum")
    2) <div class="sc-FEMpB fnIpjs">Aadhar Card is required</div> aka getByText("Aadhar Card is required")
    3) <div class="sc-FEMpB fnIpjs">Cancelled Cheque is required</div> aka getByText("Cancelled Cheque is required")
    4) <div class="sc-FEMpB fnIpjs">Address Proof is required</div> aka getByText("Address Proof is required")
    5) <div class="sc-FEMpB fnIpjs">Owner PAN Card is required</div> aka getByText("Owner PAN Card is required")

    at CRExecutionContext.evaluateWithArguments (C:\Users\VICKYS~1\AppData\Local\Temp\playwright-java-2921448049461292389\package\lib\server\chromium\crExecutionContext.js:79:33)
    at async LongStandingScope._race (C:\Users\VICKYS~1\AppData\Local\Temp\playwright-java-2921448049461292389\package\lib\utils\manualPromise.js:96:14)
    at async evaluateExpression (C:\Users\VICKYS~1\AppData\Local\Temp\playwright-java-2921448049461292389\package\lib\server\javascript.js:229:12)
    at async C:\Users\VICKYS~1\AppData\Local\Temp\playwright-java-2921448049461292389\package\lib\server\frames.js:1489:13
    at async Frame.retryWithProgressAndTimeouts (C:\Users\VICKYS~1\AppData\Local\Temp\playwright-java-2921448049461292389\package\lib\server\frames.js:935:24)
    at async ProgressController.run (C:\Users\VICKYS~1\AppData\Local\Temp\playwright-java-2921448049461292389\package\lib\server\progress.js:79:22)
    at async FrameDispatcher.innerText (C:\Users\VICKYS~1\AppData\Local\Temp\playwright-java-2921448049461292389\package\lib\server\dispatchers\frameDispatcher.js:186:14)
    at async LongStandingScope._race (C:\Users\VICKYS~1\AppData\Local\Temp\playwright-java-2921448049461292389\package\lib\utils\manualPromise.js:96:14)
    at async FrameDispatcher._handleCommand (C:\Users\VICKYS~1\AppData\Local\Temp\playwright-java-2921448049461292389\package\lib\server\dispatchers\dispatcher.js:96:14)
    at async DispatcherConnection.dispatch (C:\Users\VICKYS~1\AppData\Local\Temp\playwright-java-2921448049461292389\package\lib\server\dispatchers\dispatcher.js:361:22)
}
Call log:
-   - waiting for locator("//div[contains(@class, 'fnIpjs')]")

at com.microsoft.playwright.impl.WaitableResult.get(WaitableResult.java:56)
at com.microsoft.playwright.impl.ChannelOwner.runUntil(ChannelOwner.java:132)
at com.microsoft.playwright.impl.Connection.sendMessage(Connection.java:130)
at com.microsoft.playwright.impl.ChannelOwner.sendMessage(ChannelOwner.java:118)
at com.microsoft.playwright.impl.FrameImpl.innerTextImpl(FrameImpl.java:526)
at com.microsoft.playwright.impl.FrameImpl.lambda$innerText$22(FrameImpl.java:517)
at com.microsoft.playwright.impl.LoggingSupport.withLogging(LoggingSupport.java:47)
at com.microsoft.playwright.impl.ChannelOwner.withLogging(ChannelOwner.java:97)
at com.microsoft.playwright.impl.FrameImpl.innerText(FrameImpl.java:517)
at com.microsoft.playwright.impl.LocatorImpl.innerText(LocatorImpl.java:375)
at com.microsoft.playwright.Locator.innerText(Locator.java:3845)
at storetest.KYCPage.maxSizeKYCDocument(KYCPage.java:87)
at java.base/java.util.ArrayList.forEach(ArrayList.java:1597)
Caused by: com.microsoft.playwright.impl.DriverException: Error {
  message='Error: strict mode violation: locator("//div[contains(@class, 'fnIpjs')]") resolved to 5 elements:
    1) <div class="sc-FEMpB fnIpjs">File size too large, maximum is 2MB</div> aka getByText("File size too large, maximum")
    2) <div class="sc-FEMpB fnIpjs">Aadhar Card is required</div> aka getByText("Aadhar Card is required")
    3) <div class="sc-FEMpB fnIpjs">Cancelled Cheque is required</div> aka getByText("Cancelled Cheque is required")
    4) <div class="sc-FEMpB fnIpjs">Address Proof is required</div> aka getByText("Address Proof is required")
    5) <div class="sc-FEMpB fnIpjs">Owner PAN Card is required</div> aka getByText("Owner PAN Card is required")

  name='Error
  stack='Error: Error: strict mode violation: locator("//div[contains(@class, 'fnIpjs')]") resolved to 5 elements:
    1) <div class="sc-FEMpB fnIpjs">File size too large, maximum is 2MB</div> aka getByText("File size too large, maximum")
    2) <div class="sc-FEMpB fnIpjs">Aadhar Card is required</div> aka getByText("Aadhar Card is required")
    3) <div class="sc-FEMpB fnIpjs">Cancelled Cheque is required</div> aka getByText("Cancelled Cheque is required")
    4) <div class="sc-FEMpB fnIpjs">Address Proof is required</div> aka getByText("Address Proof is required")
    5) <div class="sc-FEMpB fnIpjs">Owner PAN Card is required</div> aka getByText("Owner PAN Card is required")

    at CRExecutionContext.evaluateWithArguments (C:\Users\VICKYS~1\AppData\Local\Temp\playwright-java-2921448049461292389\package\lib\server\chromium\crExecutionContext.js:79:33)
    at async LongStandingScope._race (C:\Users\VICKYS~1\AppData\Local\Temp\playwright-java-2921448049461292389\package\lib\utils\manualPromise.js:96:14)
    at async evaluateExpression (C:\Users\VICKYS~1\AppData\Local\Temp\playwright-java-2921448049461292389\package\lib\server\javascript.js:229:12)
    at async C:\Users\VICKYS~1\AppData\Local\Temp\playwright-java-2921448049461292389\package\lib\server\frames.js:1489:13
    at async Frame.retryWithProgressAndTimeouts (C:\Users\VICKYS~1\AppData\Local\Temp\playwright-java-2921448049461292389\package\lib\server\frames.js:935:24)
    at async ProgressController.run (C:\Users\VICKYS~1\AppData\Local\Temp\playwright-java-2921448049461292389\package\lib\server\progress.js:79:22)
    at async FrameDispatcher.innerText (C:\Users\VICKYS~1\AppData\Local\Temp\playwright-java-2921448049461292389\package\lib\server\dispatchers\frameDispatcher.js:186:14)
    at async LongStandingScope._race (C:\Users\VICKYS~1\AppData\Local\Temp\playwright-java-2921448049461292389\package\lib\utils\manualPromise.js:96:14)
    at async FrameDispatcher._handleCommand (C:\Users\VICKYS~1\AppData\Local\Temp\playwright-java-2921448049461292389\package\lib\server\dispatchers\dispatcher.js:96:14)
    at async DispatcherConnection.dispatch (C:\Users\VICKYS~1\AppData\Local\Temp\playwright-java-2921448049461292389\package\lib\server\dispatchers\dispatcher.js:361:22)
}
Call log:
-   - waiting for locator("//div[contains(@class, 'fnIpjs')]")

at com.microsoft.playwright.impl.Connection.dispatch(Connection.java:259)
at com.microsoft.playwright.impl.Connection.processOneMessage(Connection.java:211)
at com.microsoft.playwright.impl.ChannelOwner.runUntil(ChannelOwner.java:130)
... 36 more
... Removed 25 stack frames]]>
    </failure>
  </testcase> <!-- maxSizeKYCDocument -->
  <testcase classname="storetest.KYCPage" name="viewKYCDocument" time="42.671">
    <failure type="com.microsoft.playwright.TimeoutError" message="Error {
  message=&amp;apos;Timeout 30000ms exceeded.
  name=&amp;apos;TimeoutError
  stack=&amp;apos;TimeoutError: Timeout 30000ms exceeded.
    at ProgressController.run (C:\Users\VICKYS~1\AppData\Local\Temp\playwright-java-2921448049461292389\package\lib\server\progress.js:75:26)
    at Frame.click (C:\Users\VICKYS~1\AppData\Local\Temp\playwright-java-2921448049461292389\package\lib\server\frames.js:1022:23)
    at FrameDispatcher.click (C:\Users\VICKYS~1\AppData\Local\Temp\playwright-java-2921448049461292389\package\lib\server\dispatchers\frameDispatcher.js:158:30)
    at FrameDispatcher._handleCommand (C:\Users\VICKYS~1\AppData\Local\Temp\playwright-java-2921448049461292389\package\lib\server\dispatchers\dispatcher.js:94:40)
    at DispatcherConnection.dispatch (C:\Users\VICKYS~1\AppData\Local\Temp\playwright-java-2921448049461292389\package\lib\server\dispatchers\dispatcher.js:361:39)
}
Call log:
-   - waiting for locator(&amp;quot;//div[@id=&amp;apos;rc-tabs-0-panel-UploadKYCDetails&amp;apos;]//div[2]//div[1]//span[1]//div[1]//div[1]//div[1]//span[2]//a[1]//span[1]//*[name()=&amp;apos;svg&amp;apos;]//*[name()=&amp;apos;path&amp;apos; and contains(@d,&amp;apos;M942.2 486&amp;apos;)]&amp;quot;)
">
      <![CDATA[com.microsoft.playwright.TimeoutError: Error {
  message='Timeout 30000ms exceeded.
  name='TimeoutError
  stack='TimeoutError: Timeout 30000ms exceeded.
    at ProgressController.run (C:\Users\VICKYS~1\AppData\Local\Temp\playwright-java-2921448049461292389\package\lib\server\progress.js:75:26)
    at Frame.click (C:\Users\VICKYS~1\AppData\Local\Temp\playwright-java-2921448049461292389\package\lib\server\frames.js:1022:23)
    at FrameDispatcher.click (C:\Users\VICKYS~1\AppData\Local\Temp\playwright-java-2921448049461292389\package\lib\server\dispatchers\frameDispatcher.js:158:30)
    at FrameDispatcher._handleCommand (C:\Users\VICKYS~1\AppData\Local\Temp\playwright-java-2921448049461292389\package\lib\server\dispatchers\dispatcher.js:94:40)
    at DispatcherConnection.dispatch (C:\Users\VICKYS~1\AppData\Local\Temp\playwright-java-2921448049461292389\package\lib\server\dispatchers\dispatcher.js:361:39)
}
Call log:
-   - waiting for locator("//div[@id='rc-tabs-0-panel-UploadKYCDetails']//div[2]//div[1]//span[1]//div[1]//div[1]//div[1]//span[2]//a[1]//span[1]//*[name()='svg']//*[name()='path' and contains(@d,'M942.2 486')]")

at com.microsoft.playwright.impl.WaitableResult.get(WaitableResult.java:52)
at com.microsoft.playwright.impl.ChannelOwner.runUntil(ChannelOwner.java:132)
at com.microsoft.playwright.impl.Connection.sendMessage(Connection.java:130)
at com.microsoft.playwright.impl.ChannelOwner.sendMessage(ChannelOwner.java:118)
at com.microsoft.playwright.impl.FrameImpl.clickImpl(FrameImpl.java:252)
at com.microsoft.playwright.impl.FrameImpl.lambda$click$8(FrameImpl.java:243)
at com.microsoft.playwright.impl.LoggingSupport.lambda$withLogging$0(LoggingSupport.java:36)
at com.microsoft.playwright.impl.LoggingSupport.withLogging(LoggingSupport.java:47)
at com.microsoft.playwright.impl.ChannelOwner.withLogging(ChannelOwner.java:97)
at com.microsoft.playwright.impl.LoggingSupport.withLogging(LoggingSupport.java:35)
at com.microsoft.playwright.impl.FrameImpl.click(FrameImpl.java:243)
at com.microsoft.playwright.impl.LocatorImpl.click(LocatorImpl.java:175)
at com.microsoft.playwright.Locator.click(Locator.java:2493)
at storetest.KYCPage.viewKYCDocument(KYCPage.java:103)
at java.base/java.util.ArrayList.forEach(ArrayList.java:1597)
Caused by: com.microsoft.playwright.TimeoutError: Error {
  message='Timeout 30000ms exceeded.
  name='TimeoutError
  stack='TimeoutError: Timeout 30000ms exceeded.
    at ProgressController.run (C:\Users\VICKYS~1\AppData\Local\Temp\playwright-java-2921448049461292389\package\lib\server\progress.js:75:26)
    at Frame.click (C:\Users\VICKYS~1\AppData\Local\Temp\playwright-java-2921448049461292389\package\lib\server\frames.js:1022:23)
    at FrameDispatcher.click (C:\Users\VICKYS~1\AppData\Local\Temp\playwright-java-2921448049461292389\package\lib\server\dispatchers\frameDispatcher.js:158:30)
    at FrameDispatcher._handleCommand (C:\Users\VICKYS~1\AppData\Local\Temp\playwright-java-2921448049461292389\package\lib\server\dispatchers\dispatcher.js:94:40)
    at DispatcherConnection.dispatch (C:\Users\VICKYS~1\AppData\Local\Temp\playwright-java-2921448049461292389\package\lib\server\dispatchers\dispatcher.js:361:39)
}
Call log:
-   - waiting for locator("//div[@id='rc-tabs-0-panel-UploadKYCDetails']//div[2]//div[1]//span[1]//div[1]//div[1]//div[1]//span[2]//a[1]//span[1]//*[name()='svg']//*[name()='path' and contains(@d,'M942.2 486')]")

at com.microsoft.playwright.impl.Connection.dispatch(Connection.java:254)
at com.microsoft.playwright.impl.Connection.processOneMessage(Connection.java:211)
at com.microsoft.playwright.impl.ChannelOwner.runUntil(ChannelOwner.java:130)
... 38 more
... Removed 25 stack frames]]>
    </failure>
  </testcase> <!-- viewKYCDocument -->
  <testcase classname="storetest.KYCPage" name="deleteKYCDocument" time="10.604">
    <failure type="java.lang.AssertionError" message="Delete icon is not displayed! expected [true] but found [false]">
      <![CDATA[java.lang.AssertionError: Delete icon is not displayed! expected [true] but found [false]
at storetest.KYCPage.deleteKYCDocument(KYCPage.java:126)
at java.base/java.util.ArrayList.forEach(ArrayList.java:1597)
... Removed 28 stack frames]]>
    </failure>
  </testcase> <!-- deleteKYCDocument -->
  <testcase classname="storetest.KYCPage" name="backButtonKYCBehaviour" time="16.146"/>
  <testcase classname="storetest.KYCPage" name="submitKYC" time="18.757"/>
</testsuite> <!-- test -->
