<html>
<head>
<title>TestNG:  test</title>
<link href="../testng.css" rel="stylesheet" type="text/css" />
<link href="../my-testng.css" rel="stylesheet" type="text/css" />

<style type="text/css">
.log { display: none;} 
.stack-trace { display: none;} 
</style>
<script type="text/javascript">
<!--
function flip(e) {
  current = e.style.display;
  if (current == 'block') {
    e.style.display = 'none';
    return 0;
  }
  else {
    e.style.display = 'block';
    return 1;
  }
}

function toggleBox(szDivId, elem, msg1, msg2)
{
  var res = -1;  if (document.getElementById) {
    res = flip(document.getElementById(szDivId));
  }
  else if (document.all) {
    // this is the way old msie versions work
    res = flip(document.all[szDivId]);
  }
  if(elem) {
    if(res == 0) elem.innerHTML = msg1; else elem.innerHTML = msg2;
  }

}

function toggleAllBoxes() {
  if (document.getElementsByTagName) {
    d = document.getElementsByTagName('div');
    for (i = 0; i < d.length; i++) {
      if (d[i].className == 'log') {
        flip(d[i]);
      }
    }
  }
}

// -->
</script>

</head>
<body>
<h2 align='center'>test</h2><table border='1' align="center">
<tr>
<td>Tests passed/Failed/Skipped:</td><td>118/6/0</td>
</tr><tr>
<td>Started on:</td><td>Tue Apr 15 18:14:52 IST 2025</td>
</tr>
<tr><td>Total time:</td><td>815 seconds (815574 ms)</td>
</tr><tr>
<td>Included groups:</td><td></td>
</tr><tr>
<td>Excluded groups:</td><td></td>
</tr>
</table><p/>
<small><i>(Hover the method name to see the test class name)</i></small><p/>
<table width='100%' border='1' class='invocation-failed'>
<tr><td colspan='4' align='center'><b>FAILED TESTS</b></td></tr>
<tr><td><b>Test method</b></td>
<td><b>Attribute(s)</b></td>
<td width="30%"><b>Exception</b></td>
<td width="10%"><b>Time (seconds)</b></td>
<td><b>Instance</b></td>
</tr>
<tr>
<td title='storetest.KYCPage.deleteKYCDocument()'><b>deleteKYCDocument</b><br>Test class: storetest.KYCPage</td>
<td><div><pre>java.lang.AssertionError: Delete icon is not displayed! expected [true] but found [false]
	at storetest.KYCPage.deleteKYCDocument(KYCPage.java:126)
	at java.base/java.util.ArrayList.forEach(ArrayList.java:1597)
... Removed 28 stack frames</pre></div><a href='#' onClick='toggleBox("stack-trace502891368", this, "Click to show all stack frames", "Click to hide stack frames")'>Click to show all stack frames</a>
<div class='stack-trace' id='stack-trace502891368'><pre>java.lang.AssertionError: Delete icon is not displayed! expected [true] but found [false]
	at org.testng.Assert.fail(Assert.java:111)
	at org.testng.Assert.failNotEquals(Assert.java:1590)
	at org.testng.Assert.assertTrue(Assert.java:57)
	at storetest.KYCPage.deleteKYCDocument(KYCPage.java:126)
	at java.base/jdk.internal.reflect.DirectMethodHandleAccessor.invoke(DirectMethodHandleAccessor.java:103)
	at java.base/java.lang.reflect.Method.invoke(Method.java:580)
	at org.testng.internal.invokers.MethodInvocationHelper.invokeMethod(MethodInvocationHelper.java:141)
	at org.testng.internal.invokers.TestInvoker.invokeMethod(TestInvoker.java:687)
	at org.testng.internal.invokers.TestInvoker.invokeTestMethod(TestInvoker.java:230)
	at org.testng.internal.invokers.MethodRunner.runInSequence(MethodRunner.java:63)
	at org.testng.internal.invokers.TestInvoker$MethodInvocationAgent.invoke(TestInvoker.java:995)
	at org.testng.internal.invokers.TestInvoker.invokeTestMethods(TestInvoker.java:203)
	at org.testng.internal.invokers.TestMethodWorker.invokeTestMethods(TestMethodWorker.java:154)
	at org.testng.internal.invokers.TestMethodWorker.run(TestMethodWorker.java:134)
	at java.base/java.util.ArrayList.forEach(ArrayList.java:1597)
	at org.testng.TestRunner.privateRun(TestRunner.java:741)
	at org.testng.TestRunner.run(TestRunner.java:616)
	at org.testng.SuiteRunner.runTest(SuiteRunner.java:421)
	at org.testng.SuiteRunner.runSequentially(SuiteRunner.java:413)
	at org.testng.SuiteRunner.privateRun(SuiteRunner.java:373)
	at org.testng.SuiteRunner.run(SuiteRunner.java:312)
	at org.testng.SuiteRunnerWorker.runSuite(SuiteRunnerWorker.java:52)
	at org.testng.SuiteRunnerWorker.run(SuiteRunnerWorker.java:95)
	at org.testng.TestNG.runSuitesSequentially(TestNG.java:1274)
	at org.testng.TestNG.runSuitesLocally(TestNG.java:1208)
	at org.testng.TestNG.runSuites(TestNG.java:1112)
	at org.testng.TestNG.run(TestNG.java:1079)
	at org.testng.remote.AbstractRemoteTestNG.run(AbstractRemoteTestNG.java:115)
	at org.testng.remote.RemoteTestNG.initAndRun(RemoteTestNG.java:293)
	at org.testng.remote.RemoteTestNG.main(RemoteTestNG.java:91)
</pre></div></td>
<td>10</td>
<td>storetest.KYCPage@1dac5ef</td></tr>
<tr>
<td title='storetest.KYCPage.viewKYCDocument()'><b>viewKYCDocument</b><br>Test class: storetest.KYCPage</td>
<td><div><pre>com.microsoft.playwright.TimeoutError: Error {
  message=&apos;Timeout 30000ms exceeded.
  name=&apos;TimeoutError
  stack=&apos;TimeoutError: Timeout 30000ms exceeded.
    at ProgressController.run (C:\Users\VICKYS~1\AppData\Local\Temp\playwright-java-2921448049461292389\package\lib\server\progress.js:75:26)
    at Frame.click (C:\Users\VICKYS~1\AppData\Local\Temp\playwright-java-2921448049461292389\package\lib\server\frames.js:1022:23)
    at FrameDispatcher.click (C:\Users\VICKYS~1\AppData\Local\Temp\playwright-java-2921448049461292389\package\lib\server\dispatchers\frameDispatcher.js:158:30)
    at FrameDispatcher._handleCommand (C:\Users\VICKYS~1\AppData\Local\Temp\playwright-java-2921448049461292389\package\lib\server\dispatchers\dispatcher.js:94:40)
    at DispatcherConnection.dispatch (C:\Users\VICKYS~1\AppData\Local\Temp\playwright-java-2921448049461292389\package\lib\server\dispatchers\dispatcher.js:361:39)
}
Call log:
-   - waiting for locator(&quot;//div[@id=&apos;rc-tabs-0-panel-UploadKYCDetails&apos;]//div[2]//div[1]//span[1]//div[1]//div[1]//div[1]//span[2]//a[1]//span[1]//*[name()=&apos;svg&apos;]//*[name()=&apos;path&apos; and contains(@d,&apos;M942.2 486&apos;)]&quot;)

	at com.microsoft.playwright.impl.WaitableResult.get(WaitableResult.java:52)
	at com.microsoft.playwright.impl.ChannelOwner.runUntil(ChannelOwner.java:132)
	at com.microsoft.playwright.impl.Connection.sendMessage(Connection.java:130)
	at com.microsoft.playwright.impl.ChannelOwner.sendMessage(ChannelOwner.java:118)
	at com.microsoft.playwright.impl.FrameImpl.clickImpl(FrameImpl.java:252)
	at com.microsoft.playwright.impl.FrameImpl.lambda$click$8(FrameImpl.java:243)
	at com.microsoft.playwright.impl.LoggingSupport.lambda$withLogging$0(LoggingSupport.java:36)
	at com.microsoft.playwright.impl.LoggingSupport.withLogging(LoggingSupport.java:47)
	at com.microsoft.playwright.impl.ChannelOwner.withLogging(ChannelOwner.java:97)
	at com.microsoft.playwright.impl.LoggingSupport.withLogging(LoggingSupport.java:35)
	at com.microsoft.playwright.impl.FrameImpl.click(FrameImpl.java:243)
	at com.microsoft.playwright.impl.LocatorImpl.click(LocatorImpl.java:175)
	at com.microsoft.playwright.Locator.click(Locator.java:2493)
	at storetest.KYCPage.viewKYCDocument(KYCPage.java:103)
	at java.base/java.util.ArrayList.forEach(ArrayList.java:1597)
Caused by: com.microsoft.playwright.TimeoutError: Error {
  message=&apos;Timeout 30000ms exceeded.
  name=&apos;TimeoutError
  stack=&apos;TimeoutError: Timeout 30000ms exceeded.
    at ProgressController.run (C:\Users\VICKYS~1\AppData\Local\Temp\playwright-java-2921448049461292389\package\lib\server\progress.js:75:26)
    at Frame.click (C:\Users\VICKYS~1\AppData\Local\Temp\playwright-java-2921448049461292389\package\lib\server\frames.js:1022:23)
    at FrameDispatcher.click (C:\Users\VICKYS~1\AppData\Local\Temp\playwright-java-2921448049461292389\package\lib\server\dispatchers\frameDispatcher.js:158:30)
    at FrameDispatcher._handleCommand (C:\Users\VICKYS~1\AppData\Local\Temp\playwright-java-2921448049461292389\package\lib\server\dispatchers\dispatcher.js:94:40)
    at DispatcherConnection.dispatch (C:\Users\VICKYS~1\AppData\Local\Temp\playwright-java-2921448049461292389\package\lib\server\dispatchers\dispatcher.js:361:39)
}
Call log:
-   - waiting for locator(&quot;//div[@id=&apos;rc-tabs-0-panel-UploadKYCDetails&apos;]//div[2]//div[1]//span[1]//div[1]//div[1]//div[1]//span[2]//a[1]//span[1]//*[name()=&apos;svg&apos;]//*[name()=&apos;path&apos; and contains(@d,&apos;M942.2 486&apos;)]&quot;)

	at com.microsoft.playwright.impl.Connection.dispatch(Connection.java:254)
	at com.microsoft.playwright.impl.Connection.processOneMessage(Connection.java:211)
	at com.microsoft.playwright.impl.ChannelOwner.runUntil(ChannelOwner.java:130)
	... 38 more
... Removed 25 stack frames</pre></div><a href='#' onClick='toggleBox("stack-trace1700421020", this, "Click to show all stack frames", "Click to hide stack frames")'>Click to show all stack frames</a>
<div class='stack-trace' id='stack-trace1700421020'><pre>com.microsoft.playwright.TimeoutError: Error {
  message=&apos;Timeout 30000ms exceeded.
  name=&apos;TimeoutError
  stack=&apos;TimeoutError: Timeout 30000ms exceeded.
    at ProgressController.run (C:\Users\VICKYS~1\AppData\Local\Temp\playwright-java-2921448049461292389\package\lib\server\progress.js:75:26)
    at Frame.click (C:\Users\VICKYS~1\AppData\Local\Temp\playwright-java-2921448049461292389\package\lib\server\frames.js:1022:23)
    at FrameDispatcher.click (C:\Users\VICKYS~1\AppData\Local\Temp\playwright-java-2921448049461292389\package\lib\server\dispatchers\frameDispatcher.js:158:30)
    at FrameDispatcher._handleCommand (C:\Users\VICKYS~1\AppData\Local\Temp\playwright-java-2921448049461292389\package\lib\server\dispatchers\dispatcher.js:94:40)
    at DispatcherConnection.dispatch (C:\Users\VICKYS~1\AppData\Local\Temp\playwright-java-2921448049461292389\package\lib\server\dispatchers\dispatcher.js:361:39)
}
Call log:
-   - waiting for locator(&quot;//div[@id=&apos;rc-tabs-0-panel-UploadKYCDetails&apos;]//div[2]//div[1]//span[1]//div[1]//div[1]//div[1]//span[2]//a[1]//span[1]//*[name()=&apos;svg&apos;]//*[name()=&apos;path&apos; and contains(@d,&apos;M942.2 486&apos;)]&quot;)

	at com.microsoft.playwright.impl.WaitableResult.get(WaitableResult.java:52)
	at com.microsoft.playwright.impl.ChannelOwner.runUntil(ChannelOwner.java:132)
	at com.microsoft.playwright.impl.Connection.sendMessage(Connection.java:130)
	at com.microsoft.playwright.impl.ChannelOwner.sendMessage(ChannelOwner.java:118)
	at com.microsoft.playwright.impl.FrameImpl.clickImpl(FrameImpl.java:252)
	at com.microsoft.playwright.impl.FrameImpl.lambda$click$8(FrameImpl.java:243)
	at com.microsoft.playwright.impl.LoggingSupport.lambda$withLogging$0(LoggingSupport.java:36)
	at com.microsoft.playwright.impl.LoggingSupport.withLogging(LoggingSupport.java:47)
	at com.microsoft.playwright.impl.ChannelOwner.withLogging(ChannelOwner.java:97)
	at com.microsoft.playwright.impl.LoggingSupport.withLogging(LoggingSupport.java:35)
	at com.microsoft.playwright.impl.FrameImpl.click(FrameImpl.java:243)
	at com.microsoft.playwright.impl.LocatorImpl.click(LocatorImpl.java:175)
	at com.microsoft.playwright.Locator.click(Locator.java:2493)
	at storetest.KYCPage.viewKYCDocument(KYCPage.java:103)
	at java.base/jdk.internal.reflect.DirectMethodHandleAccessor.invoke(DirectMethodHandleAccessor.java:103)
	at java.base/java.lang.reflect.Method.invoke(Method.java:580)
	at org.testng.internal.invokers.MethodInvocationHelper.invokeMethod(MethodInvocationHelper.java:141)
	at org.testng.internal.invokers.TestInvoker.invokeMethod(TestInvoker.java:687)
	at org.testng.internal.invokers.TestInvoker.invokeTestMethod(TestInvoker.java:230)
	at org.testng.internal.invokers.MethodRunner.runInSequence(MethodRunner.java:63)
	at org.testng.internal.invokers.TestInvoker$MethodInvocationAgent.invoke(TestInvoker.java:995)
	at org.testng.internal.invokers.TestInvoker.invokeTestMethods(TestInvoker.java:203)
	at org.testng.internal.invokers.TestMethodWorker.invokeTestMethods(TestMethodWorker.java:154)
	at org.testng.internal.invokers.TestMethodWorker.run(TestMethodWorker.java:134)
	at java.base/java.util.ArrayList.forEach(ArrayList.java:1597)
	at org.testng.TestRunner.privateRun(TestRunner.java:741)
	at org.testng.TestRunner.run(TestRunner.java:616)
	at org.testng.SuiteRunner.runTest(SuiteRunner.java:421)
	at org.testng.SuiteRunner.runSequentially(SuiteRunner.java:413)
	at org.testng.SuiteRunner.privateRun(SuiteRunner.java:373)
	at org.testng.SuiteRunner.run(SuiteRunner.java:312)
	at org.testng.SuiteRunnerWorker.runSuite(SuiteRunnerWorker.java:52)
	at org.testng.SuiteRunnerWorker.run(SuiteRunnerWorker.java:95)
	at org.testng.TestNG.runSuitesSequentially(TestNG.java:1274)
	at org.testng.TestNG.runSuitesLocally(TestNG.java:1208)
	at org.testng.TestNG.runSuites(TestNG.java:1112)
	at org.testng.TestNG.run(TestNG.java:1079)
	at org.testng.remote.AbstractRemoteTestNG.run(AbstractRemoteTestNG.java:115)
	at org.testng.remote.RemoteTestNG.initAndRun(RemoteTestNG.java:293)
	at org.testng.remote.RemoteTestNG.main(RemoteTestNG.java:91)
Caused by: com.microsoft.playwright.TimeoutError: Error {
  message=&apos;Timeout 30000ms exceeded.
  name=&apos;TimeoutError
  stack=&apos;TimeoutError: Timeout 30000ms exceeded.
    at ProgressController.run (C:\Users\VICKYS~1\AppData\Local\Temp\playwright-java-2921448049461292389\package\lib\server\progress.js:75:26)
    at Frame.click (C:\Users\VICKYS~1\AppData\Local\Temp\playwright-java-2921448049461292389\package\lib\server\frames.js:1022:23)
    at FrameDispatcher.click (C:\Users\VICKYS~1\AppData\Local\Temp\playwright-java-2921448049461292389\package\lib\server\dispatchers\frameDispatcher.js:158:30)
    at FrameDispatcher._handleCommand (C:\Users\VICKYS~1\AppData\Local\Temp\playwright-java-2921448049461292389\package\lib\server\dispatchers\dispatcher.js:94:40)
    at DispatcherConnection.dispatch (C:\Users\VICKYS~1\AppData\Local\Temp\playwright-java-2921448049461292389\package\lib\server\dispatchers\dispatcher.js:361:39)
}
Call log:
-   - waiting for locator(&quot;//div[@id=&apos;rc-tabs-0-panel-UploadKYCDetails&apos;]//div[2]//div[1]//span[1]//div[1]//div[1]//div[1]//span[2]//a[1]//span[1]//*[name()=&apos;svg&apos;]//*[name()=&apos;path&apos; and contains(@d,&apos;M942.2 486&apos;)]&quot;)

	at com.microsoft.playwright.impl.Connection.dispatch(Connection.java:254)
	at com.microsoft.playwright.impl.Connection.processOneMessage(Connection.java:211)
	at com.microsoft.playwright.impl.ChannelOwner.runUntil(ChannelOwner.java:130)
	... 38 more
</pre></div></td>
<td>42</td>
<td>storetest.KYCPage@1dac5ef</td></tr>
<tr>
<td title='storetest.StoreDetails.duplicatephonenumber()'><b>duplicatephonenumber</b><br>Test class: storetest.StoreDetails</td>
<td><div><pre>java.lang.AssertionError: Error message for uniwue phone number expected [true] but found [false]
	at storetest.StoreDetails.duplicatephonenumber(StoreDetails.java:638)
	at java.base/java.util.ArrayList.forEach(ArrayList.java:1597)
... Removed 28 stack frames</pre></div><a href='#' onClick='toggleBox("stack-trace1052768296", this, "Click to show all stack frames", "Click to hide stack frames")'>Click to show all stack frames</a>
<div class='stack-trace' id='stack-trace1052768296'><pre>java.lang.AssertionError: Error message for uniwue phone number expected [true] but found [false]
	at org.testng.Assert.fail(Assert.java:111)
	at org.testng.Assert.failNotEquals(Assert.java:1590)
	at org.testng.Assert.assertTrue(Assert.java:57)
	at storetest.StoreDetails.duplicatephonenumber(StoreDetails.java:638)
	at java.base/jdk.internal.reflect.DirectMethodHandleAccessor.invoke(DirectMethodHandleAccessor.java:103)
	at java.base/java.lang.reflect.Method.invoke(Method.java:580)
	at org.testng.internal.invokers.MethodInvocationHelper.invokeMethod(MethodInvocationHelper.java:141)
	at org.testng.internal.invokers.TestInvoker.invokeMethod(TestInvoker.java:687)
	at org.testng.internal.invokers.TestInvoker.invokeTestMethod(TestInvoker.java:230)
	at org.testng.internal.invokers.MethodRunner.runInSequence(MethodRunner.java:63)
	at org.testng.internal.invokers.TestInvoker$MethodInvocationAgent.invoke(TestInvoker.java:995)
	at org.testng.internal.invokers.TestInvoker.invokeTestMethods(TestInvoker.java:203)
	at org.testng.internal.invokers.TestMethodWorker.invokeTestMethods(TestMethodWorker.java:154)
	at org.testng.internal.invokers.TestMethodWorker.run(TestMethodWorker.java:134)
	at java.base/java.util.ArrayList.forEach(ArrayList.java:1597)
	at org.testng.TestRunner.privateRun(TestRunner.java:741)
	at org.testng.TestRunner.run(TestRunner.java:616)
	at org.testng.SuiteRunner.runTest(SuiteRunner.java:421)
	at org.testng.SuiteRunner.runSequentially(SuiteRunner.java:413)
	at org.testng.SuiteRunner.privateRun(SuiteRunner.java:373)
	at org.testng.SuiteRunner.run(SuiteRunner.java:312)
	at org.testng.SuiteRunnerWorker.runSuite(SuiteRunnerWorker.java:52)
	at org.testng.SuiteRunnerWorker.run(SuiteRunnerWorker.java:95)
	at org.testng.TestNG.runSuitesSequentially(TestNG.java:1274)
	at org.testng.TestNG.runSuitesLocally(TestNG.java:1208)
	at org.testng.TestNG.runSuites(TestNG.java:1112)
	at org.testng.TestNG.run(TestNG.java:1079)
	at org.testng.remote.AbstractRemoteTestNG.run(AbstractRemoteTestNG.java:115)
	at org.testng.remote.RemoteTestNG.initAndRun(RemoteTestNG.java:293)
	at org.testng.remote.RemoteTestNG.main(RemoteTestNG.java:91)
</pre></div></td>
<td>15</td>
<td>storetest.StoreDetails@ae13544</td></tr>
<tr>
<td title='storetest.KYCPage.unsupportedKYCDocument()'><b>unsupportedKYCDocument</b><br>Test class: storetest.KYCPage</td>
<td><div><pre>com.microsoft.playwright.PlaywrightException: Error {
  message=&apos;Error: strict mode violation: locator(&quot;//div[contains(@class, &apos;fnIpjs&apos;)]&quot;) resolved to 5 elements:
    1) &lt;div class=&quot;sc-FEMpB fnIpjs&quot;&gt;Unsupported format, must be JPEG, PNG, or PDF&lt;/div&gt; aka getByText(&quot;Unsupported format, must be&quot;)
    2) &lt;div class=&quot;sc-FEMpB fnIpjs&quot;&gt;Aadhar Card is required&lt;/div&gt; aka getByText(&quot;Aadhar Card is required&quot;)
    3) &lt;div class=&quot;sc-FEMpB fnIpjs&quot;&gt;Cancelled Cheque is required&lt;/div&gt; aka getByText(&quot;Cancelled Cheque is required&quot;)
    4) &lt;div class=&quot;sc-FEMpB fnIpjs&quot;&gt;Address Proof is required&lt;/div&gt; aka getByText(&quot;Address Proof is required&quot;)
    5) &lt;div class=&quot;sc-FEMpB fnIpjs&quot;&gt;Owner PAN Card is required&lt;/div&gt; aka getByText(&quot;Owner PAN Card is required&quot;)

  name=&apos;Error
  stack=&apos;Error: Error: strict mode violation: locator(&quot;//div[contains(@class, &apos;fnIpjs&apos;)]&quot;) resolved to 5 elements:
    1) &lt;div class=&quot;sc-FEMpB fnIpjs&quot;&gt;Unsupported format, must be JPEG, PNG, or PDF&lt;/div&gt; aka getByText(&quot;Unsupported format, must be&quot;)
    2) &lt;div class=&quot;sc-FEMpB fnIpjs&quot;&gt;Aadhar Card is required&lt;/div&gt; aka getByText(&quot;Aadhar Card is required&quot;)
    3) &lt;div class=&quot;sc-FEMpB fnIpjs&quot;&gt;Cancelled Cheque is required&lt;/div&gt; aka getByText(&quot;Cancelled Cheque is required&quot;)
    4) &lt;div class=&quot;sc-FEMpB fnIpjs&quot;&gt;Address Proof is required&lt;/div&gt; aka getByText(&quot;Address Proof is required&quot;)
    5) &lt;div class=&quot;sc-FEMpB fnIpjs&quot;&gt;Owner PAN Card is required&lt;/div&gt; aka getByText(&quot;Owner PAN Card is required&quot;)

    at CRExecutionContext.evaluateWithArguments (C:\Users\VICKYS~1\AppData\Local\Temp\playwright-java-2921448049461292389\package\lib\server\chromium\crExecutionContext.js:79:33)
    at async LongStandingScope._race (C:\Users\VICKYS~1\AppData\Local\Temp\playwright-java-2921448049461292389\package\lib\utils\manualPromise.js:96:14)
    at async evaluateExpression (C:\Users\VICKYS~1\AppData\Local\Temp\playwright-java-2921448049461292389\package\lib\server\javascript.js:229:12)
    at async C:\Users\VICKYS~1\AppData\Local\Temp\playwright-java-2921448049461292389\package\lib\server\frames.js:1489:13
    at async Frame.retryWithProgressAndTimeouts (C:\Users\VICKYS~1\AppData\Local\Temp\playwright-java-2921448049461292389\package\lib\server\frames.js:935:24)
    at async ProgressController.run (C:\Users\VICKYS~1\AppData\Local\Temp\playwright-java-2921448049461292389\package\lib\server\progress.js:79:22)
    at async FrameDispatcher.innerText (C:\Users\VICKYS~1\AppData\Local\Temp\playwright-java-2921448049461292389\package\lib\server\dispatchers\frameDispatcher.js:186:14)
    at async LongStandingScope._race (C:\Users\VICKYS~1\AppData\Local\Temp\playwright-java-2921448049461292389\package\lib\utils\manualPromise.js:96:14)
    at async FrameDispatcher._handleCommand (C:\Users\VICKYS~1\AppData\Local\Temp\playwright-java-2921448049461292389\package\lib\server\dispatchers\dispatcher.js:96:14)
    at async DispatcherConnection.dispatch (C:\Users\VICKYS~1\AppData\Local\Temp\playwright-java-2921448049461292389\package\lib\server\dispatchers\dispatcher.js:361:22)
}
Call log:
-   - waiting for locator(&quot;//div[contains(@class, &apos;fnIpjs&apos;)]&quot;)

	at com.microsoft.playwright.impl.WaitableResult.get(WaitableResult.java:56)
	at com.microsoft.playwright.impl.ChannelOwner.runUntil(ChannelOwner.java:132)
	at com.microsoft.playwright.impl.Connection.sendMessage(Connection.java:130)
	at com.microsoft.playwright.impl.ChannelOwner.sendMessage(ChannelOwner.java:118)
	at com.microsoft.playwright.impl.FrameImpl.innerTextImpl(FrameImpl.java:526)
	at com.microsoft.playwright.impl.FrameImpl.lambda$innerText$22(FrameImpl.java:517)
	at com.microsoft.playwright.impl.LoggingSupport.withLogging(LoggingSupport.java:47)
	at com.microsoft.playwright.impl.ChannelOwner.withLogging(ChannelOwner.java:97)
	at com.microsoft.playwright.impl.FrameImpl.innerText(FrameImpl.java:517)
	at com.microsoft.playwright.impl.LocatorImpl.innerText(LocatorImpl.java:375)
	at com.microsoft.playwright.Locator.innerText(Locator.java:3845)
	at storetest.KYCPage.unsupportedKYCDocument(KYCPage.java:69)
	at java.base/java.util.ArrayList.forEach(ArrayList.java:1597)
Caused by: com.microsoft.playwright.impl.DriverException: Error {
  message=&apos;Error: strict mode violation: locator(&quot;//div[contains(@class, &apos;fnIpjs&apos;)]&quot;) resolved to 5 elements:
    1) &lt;div class=&quot;sc-FEMpB fnIpjs&quot;&gt;Unsupported format, must be JPEG, PNG, or PDF&lt;/div&gt; aka getByText(&quot;Unsupported format, must be&quot;)
    2) &lt;div class=&quot;sc-FEMpB fnIpjs&quot;&gt;Aadhar Card is required&lt;/div&gt; aka getByText(&quot;Aadhar Card is required&quot;)
    3) &lt;div class=&quot;sc-FEMpB fnIpjs&quot;&gt;Cancelled Cheque is required&lt;/div&gt; aka getByText(&quot;Cancelled Cheque is required&quot;)
    4) &lt;div class=&quot;sc-FEMpB fnIpjs&quot;&gt;Address Proof is required&lt;/div&gt; aka getByText(&quot;Address Proof is required&quot;)
    5) &lt;div class=&quot;sc-FEMpB fnIpjs&quot;&gt;Owner PAN Card is required&lt;/div&gt; aka getByText(&quot;Owner PAN Card is required&quot;)

  name=&apos;Error
  stack=&apos;Error: Error: strict mode violation: locator(&quot;//div[contains(@class, &apos;fnIpjs&apos;)]&quot;) resolved to 5 elements:
    1) &lt;div class=&quot;sc-FEMpB fnIpjs&quot;&gt;Unsupported format, must be JPEG, PNG, or PDF&lt;/div&gt; aka getByText(&quot;Unsupported format, must be&quot;)
    2) &lt;div class=&quot;sc-FEMpB fnIpjs&quot;&gt;Aadhar Card is required&lt;/div&gt; aka getByText(&quot;Aadhar Card is required&quot;)
    3) &lt;div class=&quot;sc-FEMpB fnIpjs&quot;&gt;Cancelled Cheque is required&lt;/div&gt; aka getByText(&quot;Cancelled Cheque is required&quot;)
    4) &lt;div class=&quot;sc-FEMpB fnIpjs&quot;&gt;Address Proof is required&lt;/div&gt; aka getByText(&quot;Address Proof is required&quot;)
    5) &lt;div class=&quot;sc-FEMpB fnIpjs&quot;&gt;Owner PAN Card is required&lt;/div&gt; aka getByText(&quot;Owner PAN Card is required&quot;)

    at CRExecutionContext.evaluateWithArguments (C:\Users\VICKYS~1\AppData\Local\Temp\playwright-java-2921448049461292389\package\lib\server\chromium\crExecutionContext.js:79:33)
    at async LongStandingScope._race (C:\Users\VICKYS~1\AppData\Local\Temp\playwright-java-2921448049461292389\package\lib\utils\manualPromise.js:96:14)
    at async evaluateExpression (C:\Users\VICKYS~1\AppData\Local\Temp\playwright-java-2921448049461292389\package\lib\server\javascript.js:229:12)
    at async C:\Users\VICKYS~1\AppData\Local\Temp\playwright-java-2921448049461292389\package\lib\server\frames.js:1489:13
    at async Frame.retryWithProgressAndTimeouts (C:\Users\VICKYS~1\AppData\Local\Temp\playwright-java-2921448049461292389\package\lib\server\frames.js:935:24)
    at async ProgressController.run (C:\Users\VICKYS~1\AppData\Local\Temp\playwright-java-2921448049461292389\package\lib\server\progress.js:79:22)
    at async FrameDispatcher.innerText (C:\Users\VICKYS~1\AppData\Local\Temp\playwright-java-2921448049461292389\package\lib\server\dispatchers\frameDispatcher.js:186:14)
    at async LongStandingScope._race (C:\Users\VICKYS~1\AppData\Local\Temp\playwright-java-2921448049461292389\package\lib\utils\manualPromise.js:96:14)
    at async FrameDispatcher._handleCommand (C:\Users\VICKYS~1\AppData\Local\Temp\playwright-java-2921448049461292389\package\lib\server\dispatchers\dispatcher.js:96:14)
    at async DispatcherConnection.dispatch (C:\Users\VICKYS~1\AppData\Local\Temp\playwright-java-2921448049461292389\package\lib\server\dispatchers\dispatcher.js:361:22)
}
Call log:
-   - waiting for locator(&quot;//div[contains(@class, &apos;fnIpjs&apos;)]&quot;)

	at com.microsoft.playwright.impl.Connection.dispatch(Connection.java:259)
	at com.microsoft.playwright.impl.Connection.processOneMessage(Connection.java:211)
	at com.microsoft.playwright.impl.ChannelOwner.runUntil(ChannelOwner.java:130)
	... 36 more
... Removed 25 stack frames</pre></div><a href='#' onClick='toggleBox("stack-trace1658020779", this, "Click to show all stack frames", "Click to hide stack frames")'>Click to show all stack frames</a>
<div class='stack-trace' id='stack-trace1658020779'><pre>com.microsoft.playwright.PlaywrightException: Error {
  message=&apos;Error: strict mode violation: locator(&quot;//div[contains(@class, &apos;fnIpjs&apos;)]&quot;) resolved to 5 elements:
    1) &lt;div class=&quot;sc-FEMpB fnIpjs&quot;&gt;Unsupported format, must be JPEG, PNG, or PDF&lt;/div&gt; aka getByText(&quot;Unsupported format, must be&quot;)
    2) &lt;div class=&quot;sc-FEMpB fnIpjs&quot;&gt;Aadhar Card is required&lt;/div&gt; aka getByText(&quot;Aadhar Card is required&quot;)
    3) &lt;div class=&quot;sc-FEMpB fnIpjs&quot;&gt;Cancelled Cheque is required&lt;/div&gt; aka getByText(&quot;Cancelled Cheque is required&quot;)
    4) &lt;div class=&quot;sc-FEMpB fnIpjs&quot;&gt;Address Proof is required&lt;/div&gt; aka getByText(&quot;Address Proof is required&quot;)
    5) &lt;div class=&quot;sc-FEMpB fnIpjs&quot;&gt;Owner PAN Card is required&lt;/div&gt; aka getByText(&quot;Owner PAN Card is required&quot;)

  name=&apos;Error
  stack=&apos;Error: Error: strict mode violation: locator(&quot;//div[contains(@class, &apos;fnIpjs&apos;)]&quot;) resolved to 5 elements:
    1) &lt;div class=&quot;sc-FEMpB fnIpjs&quot;&gt;Unsupported format, must be JPEG, PNG, or PDF&lt;/div&gt; aka getByText(&quot;Unsupported format, must be&quot;)
    2) &lt;div class=&quot;sc-FEMpB fnIpjs&quot;&gt;Aadhar Card is required&lt;/div&gt; aka getByText(&quot;Aadhar Card is required&quot;)
    3) &lt;div class=&quot;sc-FEMpB fnIpjs&quot;&gt;Cancelled Cheque is required&lt;/div&gt; aka getByText(&quot;Cancelled Cheque is required&quot;)
    4) &lt;div class=&quot;sc-FEMpB fnIpjs&quot;&gt;Address Proof is required&lt;/div&gt; aka getByText(&quot;Address Proof is required&quot;)
    5) &lt;div class=&quot;sc-FEMpB fnIpjs&quot;&gt;Owner PAN Card is required&lt;/div&gt; aka getByText(&quot;Owner PAN Card is required&quot;)

    at CRExecutionContext.evaluateWithArguments (C:\Users\VICKYS~1\AppData\Local\Temp\playwright-java-2921448049461292389\package\lib\server\chromium\crExecutionContext.js:79:33)
    at async LongStandingScope._race (C:\Users\VICKYS~1\AppData\Local\Temp\playwright-java-2921448049461292389\package\lib\utils\manualPromise.js:96:14)
    at async evaluateExpression (C:\Users\VICKYS~1\AppData\Local\Temp\playwright-java-2921448049461292389\package\lib\server\javascript.js:229:12)
    at async C:\Users\VICKYS~1\AppData\Local\Temp\playwright-java-2921448049461292389\package\lib\server\frames.js:1489:13
    at async Frame.retryWithProgressAndTimeouts (C:\Users\VICKYS~1\AppData\Local\Temp\playwright-java-2921448049461292389\package\lib\server\frames.js:935:24)
    at async ProgressController.run (C:\Users\VICKYS~1\AppData\Local\Temp\playwright-java-2921448049461292389\package\lib\server\progress.js:79:22)
    at async FrameDispatcher.innerText (C:\Users\VICKYS~1\AppData\Local\Temp\playwright-java-2921448049461292389\package\lib\server\dispatchers\frameDispatcher.js:186:14)
    at async LongStandingScope._race (C:\Users\VICKYS~1\AppData\Local\Temp\playwright-java-2921448049461292389\package\lib\utils\manualPromise.js:96:14)
    at async FrameDispatcher._handleCommand (C:\Users\VICKYS~1\AppData\Local\Temp\playwright-java-2921448049461292389\package\lib\server\dispatchers\dispatcher.js:96:14)
    at async DispatcherConnection.dispatch (C:\Users\VICKYS~1\AppData\Local\Temp\playwright-java-2921448049461292389\package\lib\server\dispatchers\dispatcher.js:361:22)
}
Call log:
-   - waiting for locator(&quot;//div[contains(@class, &apos;fnIpjs&apos;)]&quot;)

	at com.microsoft.playwright.impl.WaitableResult.get(WaitableResult.java:56)
	at com.microsoft.playwright.impl.ChannelOwner.runUntil(ChannelOwner.java:132)
	at com.microsoft.playwright.impl.Connection.sendMessage(Connection.java:130)
	at com.microsoft.playwright.impl.ChannelOwner.sendMessage(ChannelOwner.java:118)
	at com.microsoft.playwright.impl.FrameImpl.innerTextImpl(FrameImpl.java:526)
	at com.microsoft.playwright.impl.FrameImpl.lambda$innerText$22(FrameImpl.java:517)
	at com.microsoft.playwright.impl.LoggingSupport.withLogging(LoggingSupport.java:47)
	at com.microsoft.playwright.impl.ChannelOwner.withLogging(ChannelOwner.java:97)
	at com.microsoft.playwright.impl.FrameImpl.innerText(FrameImpl.java:517)
	at com.microsoft.playwright.impl.LocatorImpl.innerText(LocatorImpl.java:375)
	at com.microsoft.playwright.Locator.innerText(Locator.java:3845)
	at storetest.KYCPage.unsupportedKYCDocument(KYCPage.java:69)
	at java.base/jdk.internal.reflect.DirectMethodHandleAccessor.invoke(DirectMethodHandleAccessor.java:103)
	at java.base/java.lang.reflect.Method.invoke(Method.java:580)
	at org.testng.internal.invokers.MethodInvocationHelper.invokeMethod(MethodInvocationHelper.java:141)
	at org.testng.internal.invokers.TestInvoker.invokeMethod(TestInvoker.java:687)
	at org.testng.internal.invokers.TestInvoker.invokeTestMethod(TestInvoker.java:230)
	at org.testng.internal.invokers.MethodRunner.runInSequence(MethodRunner.java:63)
	at org.testng.internal.invokers.TestInvoker$MethodInvocationAgent.invoke(TestInvoker.java:995)
	at org.testng.internal.invokers.TestInvoker.invokeTestMethods(TestInvoker.java:203)
	at org.testng.internal.invokers.TestMethodWorker.invokeTestMethods(TestMethodWorker.java:154)
	at org.testng.internal.invokers.TestMethodWorker.run(TestMethodWorker.java:134)
	at java.base/java.util.ArrayList.forEach(ArrayList.java:1597)
	at org.testng.TestRunner.privateRun(TestRunner.java:741)
	at org.testng.TestRunner.run(TestRunner.java:616)
	at org.testng.SuiteRunner.runTest(SuiteRunner.java:421)
	at org.testng.SuiteRunner.runSequentially(SuiteRunner.java:413)
	at org.testng.SuiteRunner.privateRun(SuiteRunner.java:373)
	at org.testng.SuiteRunner.run(SuiteRunner.java:312)
	at org.testng.SuiteRunnerWorker.runSuite(SuiteRunnerWorker.java:52)
	at org.testng.SuiteRunnerWorker.run(SuiteRunnerWorker.java:95)
	at org.testng.TestNG.runSuitesSequentially(TestNG.java:1274)
	at org.testng.TestNG.runSuitesLocally(TestNG.java:1208)
	at org.testng.TestNG.runSuites(TestNG.java:1112)
	at org.testng.TestNG.run(TestNG.java:1079)
	at org.testng.remote.AbstractRemoteTestNG.run(AbstractRemoteTestNG.java:115)
	at org.testng.remote.RemoteTestNG.initAndRun(RemoteTestNG.java:293)
	at org.testng.remote.RemoteTestNG.main(RemoteTestNG.java:91)
Caused by: com.microsoft.playwright.impl.DriverException: Error {
  message=&apos;Error: strict mode violation: locator(&quot;//div[contains(@class, &apos;fnIpjs&apos;)]&quot;) resolved to 5 elements:
    1) &lt;div class=&quot;sc-FEMpB fnIpjs&quot;&gt;Unsupported format, must be JPEG, PNG, or PDF&lt;/div&gt; aka getByText(&quot;Unsupported format, must be&quot;)
    2) &lt;div class=&quot;sc-FEMpB fnIpjs&quot;&gt;Aadhar Card is required&lt;/div&gt; aka getByText(&quot;Aadhar Card is required&quot;)
    3) &lt;div class=&quot;sc-FEMpB fnIpjs&quot;&gt;Cancelled Cheque is required&lt;/div&gt; aka getByText(&quot;Cancelled Cheque is required&quot;)
    4) &lt;div class=&quot;sc-FEMpB fnIpjs&quot;&gt;Address Proof is required&lt;/div&gt; aka getByText(&quot;Address Proof is required&quot;)
    5) &lt;div class=&quot;sc-FEMpB fnIpjs&quot;&gt;Owner PAN Card is required&lt;/div&gt; aka getByText(&quot;Owner PAN Card is required&quot;)

  name=&apos;Error
  stack=&apos;Error: Error: strict mode violation: locator(&quot;//div[contains(@class, &apos;fnIpjs&apos;)]&quot;) resolved to 5 elements:
    1) &lt;div class=&quot;sc-FEMpB fnIpjs&quot;&gt;Unsupported format, must be JPEG, PNG, or PDF&lt;/div&gt; aka getByText(&quot;Unsupported format, must be&quot;)
    2) &lt;div class=&quot;sc-FEMpB fnIpjs&quot;&gt;Aadhar Card is required&lt;/div&gt; aka getByText(&quot;Aadhar Card is required&quot;)
    3) &lt;div class=&quot;sc-FEMpB fnIpjs&quot;&gt;Cancelled Cheque is required&lt;/div&gt; aka getByText(&quot;Cancelled Cheque is required&quot;)
    4) &lt;div class=&quot;sc-FEMpB fnIpjs&quot;&gt;Address Proof is required&lt;/div&gt; aka getByText(&quot;Address Proof is required&quot;)
    5) &lt;div class=&quot;sc-FEMpB fnIpjs&quot;&gt;Owner PAN Card is required&lt;/div&gt; aka getByText(&quot;Owner PAN Card is required&quot;)

    at CRExecutionContext.evaluateWithArguments (C:\Users\VICKYS~1\AppData\Local\Temp\playwright-java-2921448049461292389\package\lib\server\chromium\crExecutionContext.js:79:33)
    at async LongStandingScope._race (C:\Users\VICKYS~1\AppData\Local\Temp\playwright-java-2921448049461292389\package\lib\utils\manualPromise.js:96:14)
    at async evaluateExpression (C:\Users\VICKYS~1\AppData\Local\Temp\playwright-java-2921448049461292389\package\lib\server\javascript.js:229:12)
    at async C:\Users\VICKYS~1\AppData\Local\Temp\playwright-java-2921448049461292389\package\lib\server\frames.js:1489:13
    at async Frame.retryWithProgressAndTimeouts (C:\Users\VICKYS~1\AppData\Local\Temp\playwright-java-2921448049461292389\package\lib\server\frames.js:935:24)
    at async ProgressController.run (C:\Users\VICKYS~1\AppData\Local\Temp\playwright-java-2921448049461292389\package\lib\server\progress.js:79:22)
    at async FrameDispatcher.innerText (C:\Users\VICKYS~1\AppData\Local\Temp\playwright-java-2921448049461292389\package\lib\server\dispatchers\frameDispatcher.js:186:14)
    at async LongStandingScope._race (C:\Users\VICKYS~1\AppData\Local\Temp\playwright-java-2921448049461292389\package\lib\utils\manualPromise.js:96:14)
    at async FrameDispatcher._handleCommand (C:\Users\VICKYS~1\AppData\Local\Temp\playwright-java-2921448049461292389\package\lib\server\dispatchers\dispatcher.js:96:14)
    at async DispatcherConnection.dispatch (C:\Users\VICKYS~1\AppData\Local\Temp\playwright-java-2921448049461292389\package\lib\server\dispatchers\dispatcher.js:361:22)
}
Call log:
-   - waiting for locator(&quot;//div[contains(@class, &apos;fnIpjs&apos;)]&quot;)

	at com.microsoft.playwright.impl.Connection.dispatch(Connection.java:259)
	at com.microsoft.playwright.impl.Connection.processOneMessage(Connection.java:211)
	at com.microsoft.playwright.impl.ChannelOwner.runUntil(ChannelOwner.java:130)
	... 36 more
</pre></div></td>
<td>13</td>
<td>storetest.KYCPage@1dac5ef</td></tr>
<tr>
<td title='storetest.KYCPage.emptyKYCDocument()'><b>emptyKYCDocument</b><br>Test class: storetest.KYCPage</td>
<td><div><pre>com.microsoft.playwright.PlaywrightException: Error {
  message=&apos;Error: strict mode violation: locator(&quot;//div[contains(@class, &apos;fnIpjs&apos;)]&quot;) resolved to 5 elements:
    1) &lt;div class=&quot;sc-FEMpB fnIpjs&quot;&gt;PAN Card is required&lt;/div&gt; aka getByText(&quot;PAN Card is required&quot;, new Page.GetByTextOptions().setExact(true))
    2) &lt;div class=&quot;sc-FEMpB fnIpjs&quot;&gt;Aadhar Card is required&lt;/div&gt; aka getByText(&quot;Aadhar Card is required&quot;)
    3) &lt;div class=&quot;sc-FEMpB fnIpjs&quot;&gt;Cancelled Cheque is required&lt;/div&gt; aka getByText(&quot;Cancelled Cheque is required&quot;)
    4) &lt;div class=&quot;sc-FEMpB fnIpjs&quot;&gt;Address Proof is required&lt;/div&gt; aka getByText(&quot;Address Proof is required&quot;)
    5) &lt;div class=&quot;sc-FEMpB fnIpjs&quot;&gt;Owner PAN Card is required&lt;/div&gt; aka getByText(&quot;Owner PAN Card is required&quot;)

  name=&apos;Error
  stack=&apos;Error: Error: strict mode violation: locator(&quot;//div[contains(@class, &apos;fnIpjs&apos;)]&quot;) resolved to 5 elements:
    1) &lt;div class=&quot;sc-FEMpB fnIpjs&quot;&gt;PAN Card is required&lt;/div&gt; aka getByText(&quot;PAN Card is required&quot;, new Page.GetByTextOptions().setExact(true))
    2) &lt;div class=&quot;sc-FEMpB fnIpjs&quot;&gt;Aadhar Card is required&lt;/div&gt; aka getByText(&quot;Aadhar Card is required&quot;)
    3) &lt;div class=&quot;sc-FEMpB fnIpjs&quot;&gt;Cancelled Cheque is required&lt;/div&gt; aka getByText(&quot;Cancelled Cheque is required&quot;)
    4) &lt;div class=&quot;sc-FEMpB fnIpjs&quot;&gt;Address Proof is required&lt;/div&gt; aka getByText(&quot;Address Proof is required&quot;)
    5) &lt;div class=&quot;sc-FEMpB fnIpjs&quot;&gt;Owner PAN Card is required&lt;/div&gt; aka getByText(&quot;Owner PAN Card is required&quot;)

    at CRExecutionContext.evaluateWithArguments (C:\Users\VICKYS~1\AppData\Local\Temp\playwright-java-2921448049461292389\package\lib\server\chromium\crExecutionContext.js:79:33)
    at async LongStandingScope._race (C:\Users\VICKYS~1\AppData\Local\Temp\playwright-java-2921448049461292389\package\lib\utils\manualPromise.js:96:14)
    at async evaluateExpression (C:\Users\VICKYS~1\AppData\Local\Temp\playwright-java-2921448049461292389\package\lib\server\javascript.js:229:12)
    at async C:\Users\VICKYS~1\AppData\Local\Temp\playwright-java-2921448049461292389\package\lib\server\frames.js:1489:13
    at async Frame.retryWithProgressAndTimeouts (C:\Users\VICKYS~1\AppData\Local\Temp\playwright-java-2921448049461292389\package\lib\server\frames.js:935:24)
    at async ProgressController.run (C:\Users\VICKYS~1\AppData\Local\Temp\playwright-java-2921448049461292389\package\lib\server\progress.js:79:22)
    at async FrameDispatcher.innerText (C:\Users\VICKYS~1\AppData\Local\Temp\playwright-java-2921448049461292389\package\lib\server\dispatchers\frameDispatcher.js:186:14)
    at async LongStandingScope._race (C:\Users\VICKYS~1\AppData\Local\Temp\playwright-java-2921448049461292389\package\lib\utils\manualPromise.js:96:14)
    at async FrameDispatcher._handleCommand (C:\Users\VICKYS~1\AppData\Local\Temp\playwright-java-2921448049461292389\package\lib\server\dispatchers\dispatcher.js:96:14)
    at async DispatcherConnection.dispatch (C:\Users\VICKYS~1\AppData\Local\Temp\playwright-java-2921448049461292389\package\lib\server\dispatchers\dispatcher.js:361:22)
}
Call log:
-   - waiting for locator(&quot;//div[contains(@class, &apos;fnIpjs&apos;)]&quot;)

	at com.microsoft.playwright.impl.WaitableResult.get(WaitableResult.java:56)
	at com.microsoft.playwright.impl.ChannelOwner.runUntil(ChannelOwner.java:132)
	at com.microsoft.playwright.impl.Connection.sendMessage(Connection.java:130)
	at com.microsoft.playwright.impl.ChannelOwner.sendMessage(ChannelOwner.java:118)
	at com.microsoft.playwright.impl.FrameImpl.innerTextImpl(FrameImpl.java:526)
	at com.microsoft.playwright.impl.FrameImpl.lambda$innerText$22(FrameImpl.java:517)
	at com.microsoft.playwright.impl.LoggingSupport.withLogging(LoggingSupport.java:47)
	at com.microsoft.playwright.impl.ChannelOwner.withLogging(ChannelOwner.java:97)
	at com.microsoft.playwright.impl.FrameImpl.innerText(FrameImpl.java:517)
	at com.microsoft.playwright.impl.LocatorImpl.innerText(LocatorImpl.java:375)
	at com.microsoft.playwright.Locator.innerText(Locator.java:3845)
	at storetest.KYCPage.emptyKYCDocument(KYCPage.java:50)
	at java.base/java.util.ArrayList.forEach(ArrayList.java:1597)
Caused by: com.microsoft.playwright.impl.DriverException: Error {
  message=&apos;Error: strict mode violation: locator(&quot;//div[contains(@class, &apos;fnIpjs&apos;)]&quot;) resolved to 5 elements:
    1) &lt;div class=&quot;sc-FEMpB fnIpjs&quot;&gt;PAN Card is required&lt;/div&gt; aka getByText(&quot;PAN Card is required&quot;, new Page.GetByTextOptions().setExact(true))
    2) &lt;div class=&quot;sc-FEMpB fnIpjs&quot;&gt;Aadhar Card is required&lt;/div&gt; aka getByText(&quot;Aadhar Card is required&quot;)
    3) &lt;div class=&quot;sc-FEMpB fnIpjs&quot;&gt;Cancelled Cheque is required&lt;/div&gt; aka getByText(&quot;Cancelled Cheque is required&quot;)
    4) &lt;div class=&quot;sc-FEMpB fnIpjs&quot;&gt;Address Proof is required&lt;/div&gt; aka getByText(&quot;Address Proof is required&quot;)
    5) &lt;div class=&quot;sc-FEMpB fnIpjs&quot;&gt;Owner PAN Card is required&lt;/div&gt; aka getByText(&quot;Owner PAN Card is required&quot;)

  name=&apos;Error
  stack=&apos;Error: Error: strict mode violation: locator(&quot;//div[contains(@class, &apos;fnIpjs&apos;)]&quot;) resolved to 5 elements:
    1) &lt;div class=&quot;sc-FEMpB fnIpjs&quot;&gt;PAN Card is required&lt;/div&gt; aka getByText(&quot;PAN Card is required&quot;, new Page.GetByTextOptions().setExact(true))
    2) &lt;div class=&quot;sc-FEMpB fnIpjs&quot;&gt;Aadhar Card is required&lt;/div&gt; aka getByText(&quot;Aadhar Card is required&quot;)
    3) &lt;div class=&quot;sc-FEMpB fnIpjs&quot;&gt;Cancelled Cheque is required&lt;/div&gt; aka getByText(&quot;Cancelled Cheque is required&quot;)
    4) &lt;div class=&quot;sc-FEMpB fnIpjs&quot;&gt;Address Proof is required&lt;/div&gt; aka getByText(&quot;Address Proof is required&quot;)
    5) &lt;div class=&quot;sc-FEMpB fnIpjs&quot;&gt;Owner PAN Card is required&lt;/div&gt; aka getByText(&quot;Owner PAN Card is required&quot;)

    at CRExecutionContext.evaluateWithArguments (C:\Users\VICKYS~1\AppData\Local\Temp\playwright-java-2921448049461292389\package\lib\server\chromium\crExecutionContext.js:79:33)
    at async LongStandingScope._race (C:\Users\VICKYS~1\AppData\Local\Temp\playwright-java-2921448049461292389\package\lib\utils\manualPromise.js:96:14)
    at async evaluateExpression (C:\Users\VICKYS~1\AppData\Local\Temp\playwright-java-2921448049461292389\package\lib\server\javascript.js:229:12)
    at async C:\Users\VICKYS~1\AppData\Local\Temp\playwright-java-2921448049461292389\package\lib\server\frames.js:1489:13
    at async Frame.retryWithProgressAndTimeouts (C:\Users\VICKYS~1\AppData\Local\Temp\playwright-java-2921448049461292389\package\lib\server\frames.js:935:24)
    at async ProgressController.run (C:\Users\VICKYS~1\AppData\Local\Temp\playwright-java-2921448049461292389\package\lib\server\progress.js:79:22)
    at async FrameDispatcher.innerText (C:\Users\VICKYS~1\AppData\Local\Temp\playwright-java-2921448049461292389\package\lib\server\dispatchers\frameDispatcher.js:186:14)
    at async LongStandingScope._race (C:\Users\VICKYS~1\AppData\Local\Temp\playwright-java-2921448049461292389\package\lib\utils\manualPromise.js:96:14)
    at async FrameDispatcher._handleCommand (C:\Users\VICKYS~1\AppData\Local\Temp\playwright-java-2921448049461292389\package\lib\server\dispatchers\dispatcher.js:96:14)
    at async DispatcherConnection.dispatch (C:\Users\VICKYS~1\AppData\Local\Temp\playwright-java-2921448049461292389\package\lib\server\dispatchers\dispatcher.js:361:22)
}
Call log:
-   - waiting for locator(&quot;//div[contains(@class, &apos;fnIpjs&apos;)]&quot;)

	at com.microsoft.playwright.impl.Connection.dispatch(Connection.java:259)
	at com.microsoft.playwright.impl.Connection.processOneMessage(Connection.java:211)
	at com.microsoft.playwright.impl.ChannelOwner.runUntil(ChannelOwner.java:130)
	... 36 more
... Removed 25 stack frames</pre></div><a href='#' onClick='toggleBox("stack-trace1441243996", this, "Click to show all stack frames", "Click to hide stack frames")'>Click to show all stack frames</a>
<div class='stack-trace' id='stack-trace1441243996'><pre>com.microsoft.playwright.PlaywrightException: Error {
  message=&apos;Error: strict mode violation: locator(&quot;//div[contains(@class, &apos;fnIpjs&apos;)]&quot;) resolved to 5 elements:
    1) &lt;div class=&quot;sc-FEMpB fnIpjs&quot;&gt;PAN Card is required&lt;/div&gt; aka getByText(&quot;PAN Card is required&quot;, new Page.GetByTextOptions().setExact(true))
    2) &lt;div class=&quot;sc-FEMpB fnIpjs&quot;&gt;Aadhar Card is required&lt;/div&gt; aka getByText(&quot;Aadhar Card is required&quot;)
    3) &lt;div class=&quot;sc-FEMpB fnIpjs&quot;&gt;Cancelled Cheque is required&lt;/div&gt; aka getByText(&quot;Cancelled Cheque is required&quot;)
    4) &lt;div class=&quot;sc-FEMpB fnIpjs&quot;&gt;Address Proof is required&lt;/div&gt; aka getByText(&quot;Address Proof is required&quot;)
    5) &lt;div class=&quot;sc-FEMpB fnIpjs&quot;&gt;Owner PAN Card is required&lt;/div&gt; aka getByText(&quot;Owner PAN Card is required&quot;)

  name=&apos;Error
  stack=&apos;Error: Error: strict mode violation: locator(&quot;//div[contains(@class, &apos;fnIpjs&apos;)]&quot;) resolved to 5 elements:
    1) &lt;div class=&quot;sc-FEMpB fnIpjs&quot;&gt;PAN Card is required&lt;/div&gt; aka getByText(&quot;PAN Card is required&quot;, new Page.GetByTextOptions().setExact(true))
    2) &lt;div class=&quot;sc-FEMpB fnIpjs&quot;&gt;Aadhar Card is required&lt;/div&gt; aka getByText(&quot;Aadhar Card is required&quot;)
    3) &lt;div class=&quot;sc-FEMpB fnIpjs&quot;&gt;Cancelled Cheque is required&lt;/div&gt; aka getByText(&quot;Cancelled Cheque is required&quot;)
    4) &lt;div class=&quot;sc-FEMpB fnIpjs&quot;&gt;Address Proof is required&lt;/div&gt; aka getByText(&quot;Address Proof is required&quot;)
    5) &lt;div class=&quot;sc-FEMpB fnIpjs&quot;&gt;Owner PAN Card is required&lt;/div&gt; aka getByText(&quot;Owner PAN Card is required&quot;)

    at CRExecutionContext.evaluateWithArguments (C:\Users\VICKYS~1\AppData\Local\Temp\playwright-java-2921448049461292389\package\lib\server\chromium\crExecutionContext.js:79:33)
    at async LongStandingScope._race (C:\Users\VICKYS~1\AppData\Local\Temp\playwright-java-2921448049461292389\package\lib\utils\manualPromise.js:96:14)
    at async evaluateExpression (C:\Users\VICKYS~1\AppData\Local\Temp\playwright-java-2921448049461292389\package\lib\server\javascript.js:229:12)
    at async C:\Users\VICKYS~1\AppData\Local\Temp\playwright-java-2921448049461292389\package\lib\server\frames.js:1489:13
    at async Frame.retryWithProgressAndTimeouts (C:\Users\VICKYS~1\AppData\Local\Temp\playwright-java-2921448049461292389\package\lib\server\frames.js:935:24)
    at async ProgressController.run (C:\Users\VICKYS~1\AppData\Local\Temp\playwright-java-2921448049461292389\package\lib\server\progress.js:79:22)
    at async FrameDispatcher.innerText (C:\Users\VICKYS~1\AppData\Local\Temp\playwright-java-2921448049461292389\package\lib\server\dispatchers\frameDispatcher.js:186:14)
    at async LongStandingScope._race (C:\Users\VICKYS~1\AppData\Local\Temp\playwright-java-2921448049461292389\package\lib\utils\manualPromise.js:96:14)
    at async FrameDispatcher._handleCommand (C:\Users\VICKYS~1\AppData\Local\Temp\playwright-java-2921448049461292389\package\lib\server\dispatchers\dispatcher.js:96:14)
    at async DispatcherConnection.dispatch (C:\Users\VICKYS~1\AppData\Local\Temp\playwright-java-2921448049461292389\package\lib\server\dispatchers\dispatcher.js:361:22)
}
Call log:
-   - waiting for locator(&quot;//div[contains(@class, &apos;fnIpjs&apos;)]&quot;)

	at com.microsoft.playwright.impl.WaitableResult.get(WaitableResult.java:56)
	at com.microsoft.playwright.impl.ChannelOwner.runUntil(ChannelOwner.java:132)
	at com.microsoft.playwright.impl.Connection.sendMessage(Connection.java:130)
	at com.microsoft.playwright.impl.ChannelOwner.sendMessage(ChannelOwner.java:118)
	at com.microsoft.playwright.impl.FrameImpl.innerTextImpl(FrameImpl.java:526)
	at com.microsoft.playwright.impl.FrameImpl.lambda$innerText$22(FrameImpl.java:517)
	at com.microsoft.playwright.impl.LoggingSupport.withLogging(LoggingSupport.java:47)
	at com.microsoft.playwright.impl.ChannelOwner.withLogging(ChannelOwner.java:97)
	at com.microsoft.playwright.impl.FrameImpl.innerText(FrameImpl.java:517)
	at com.microsoft.playwright.impl.LocatorImpl.innerText(LocatorImpl.java:375)
	at com.microsoft.playwright.Locator.innerText(Locator.java:3845)
	at storetest.KYCPage.emptyKYCDocument(KYCPage.java:50)
	at java.base/jdk.internal.reflect.DirectMethodHandleAccessor.invoke(DirectMethodHandleAccessor.java:103)
	at java.base/java.lang.reflect.Method.invoke(Method.java:580)
	at org.testng.internal.invokers.MethodInvocationHelper.invokeMethod(MethodInvocationHelper.java:141)
	at org.testng.internal.invokers.TestInvoker.invokeMethod(TestInvoker.java:687)
	at org.testng.internal.invokers.TestInvoker.invokeTestMethod(TestInvoker.java:230)
	at org.testng.internal.invokers.MethodRunner.runInSequence(MethodRunner.java:63)
	at org.testng.internal.invokers.TestInvoker$MethodInvocationAgent.invoke(TestInvoker.java:995)
	at org.testng.internal.invokers.TestInvoker.invokeTestMethods(TestInvoker.java:203)
	at org.testng.internal.invokers.TestMethodWorker.invokeTestMethods(TestMethodWorker.java:154)
	at org.testng.internal.invokers.TestMethodWorker.run(TestMethodWorker.java:134)
	at java.base/java.util.ArrayList.forEach(ArrayList.java:1597)
	at org.testng.TestRunner.privateRun(TestRunner.java:741)
	at org.testng.TestRunner.run(TestRunner.java:616)
	at org.testng.SuiteRunner.runTest(SuiteRunner.java:421)
	at org.testng.SuiteRunner.runSequentially(SuiteRunner.java:413)
	at org.testng.SuiteRunner.privateRun(SuiteRunner.java:373)
	at org.testng.SuiteRunner.run(SuiteRunner.java:312)
	at org.testng.SuiteRunnerWorker.runSuite(SuiteRunnerWorker.java:52)
	at org.testng.SuiteRunnerWorker.run(SuiteRunnerWorker.java:95)
	at org.testng.TestNG.runSuitesSequentially(TestNG.java:1274)
	at org.testng.TestNG.runSuitesLocally(TestNG.java:1208)
	at org.testng.TestNG.runSuites(TestNG.java:1112)
	at org.testng.TestNG.run(TestNG.java:1079)
	at org.testng.remote.AbstractRemoteTestNG.run(AbstractRemoteTestNG.java:115)
	at org.testng.remote.RemoteTestNG.initAndRun(RemoteTestNG.java:293)
	at org.testng.remote.RemoteTestNG.main(RemoteTestNG.java:91)
Caused by: com.microsoft.playwright.impl.DriverException: Error {
  message=&apos;Error: strict mode violation: locator(&quot;//div[contains(@class, &apos;fnIpjs&apos;)]&quot;) resolved to 5 elements:
    1) &lt;div class=&quot;sc-FEMpB fnIpjs&quot;&gt;PAN Card is required&lt;/div&gt; aka getByText(&quot;PAN Card is required&quot;, new Page.GetByTextOptions().setExact(true))
    2) &lt;div class=&quot;sc-FEMpB fnIpjs&quot;&gt;Aadhar Card is required&lt;/div&gt; aka getByText(&quot;Aadhar Card is required&quot;)
    3) &lt;div class=&quot;sc-FEMpB fnIpjs&quot;&gt;Cancelled Cheque is required&lt;/div&gt; aka getByText(&quot;Cancelled Cheque is required&quot;)
    4) &lt;div class=&quot;sc-FEMpB fnIpjs&quot;&gt;Address Proof is required&lt;/div&gt; aka getByText(&quot;Address Proof is required&quot;)
    5) &lt;div class=&quot;sc-FEMpB fnIpjs&quot;&gt;Owner PAN Card is required&lt;/div&gt; aka getByText(&quot;Owner PAN Card is required&quot;)

  name=&apos;Error
  stack=&apos;Error: Error: strict mode violation: locator(&quot;//div[contains(@class, &apos;fnIpjs&apos;)]&quot;) resolved to 5 elements:
    1) &lt;div class=&quot;sc-FEMpB fnIpjs&quot;&gt;PAN Card is required&lt;/div&gt; aka getByText(&quot;PAN Card is required&quot;, new Page.GetByTextOptions().setExact(true))
    2) &lt;div class=&quot;sc-FEMpB fnIpjs&quot;&gt;Aadhar Card is required&lt;/div&gt; aka getByText(&quot;Aadhar Card is required&quot;)
    3) &lt;div class=&quot;sc-FEMpB fnIpjs&quot;&gt;Cancelled Cheque is required&lt;/div&gt; aka getByText(&quot;Cancelled Cheque is required&quot;)
    4) &lt;div class=&quot;sc-FEMpB fnIpjs&quot;&gt;Address Proof is required&lt;/div&gt; aka getByText(&quot;Address Proof is required&quot;)
    5) &lt;div class=&quot;sc-FEMpB fnIpjs&quot;&gt;Owner PAN Card is required&lt;/div&gt; aka getByText(&quot;Owner PAN Card is required&quot;)

    at CRExecutionContext.evaluateWithArguments (C:\Users\VICKYS~1\AppData\Local\Temp\playwright-java-2921448049461292389\package\lib\server\chromium\crExecutionContext.js:79:33)
    at async LongStandingScope._race (C:\Users\VICKYS~1\AppData\Local\Temp\playwright-java-2921448049461292389\package\lib\utils\manualPromise.js:96:14)
    at async evaluateExpression (C:\Users\VICKYS~1\AppData\Local\Temp\playwright-java-2921448049461292389\package\lib\server\javascript.js:229:12)
    at async C:\Users\VICKYS~1\AppData\Local\Temp\playwright-java-2921448049461292389\package\lib\server\frames.js:1489:13
    at async Frame.retryWithProgressAndTimeouts (C:\Users\VICKYS~1\AppData\Local\Temp\playwright-java-2921448049461292389\package\lib\server\frames.js:935:24)
    at async ProgressController.run (C:\Users\VICKYS~1\AppData\Local\Temp\playwright-java-2921448049461292389\package\lib\server\progress.js:79:22)
    at async FrameDispatcher.innerText (C:\Users\VICKYS~1\AppData\Local\Temp\playwright-java-2921448049461292389\package\lib\server\dispatchers\frameDispatcher.js:186:14)
    at async LongStandingScope._race (C:\Users\VICKYS~1\AppData\Local\Temp\playwright-java-2921448049461292389\package\lib\utils\manualPromise.js:96:14)
    at async FrameDispatcher._handleCommand (C:\Users\VICKYS~1\AppData\Local\Temp\playwright-java-2921448049461292389\package\lib\server\dispatchers\dispatcher.js:96:14)
    at async DispatcherConnection.dispatch (C:\Users\VICKYS~1\AppData\Local\Temp\playwright-java-2921448049461292389\package\lib\server\dispatchers\dispatcher.js:361:22)
}
Call log:
-   - waiting for locator(&quot;//div[contains(@class, &apos;fnIpjs&apos;)]&quot;)

	at com.microsoft.playwright.impl.Connection.dispatch(Connection.java:259)
	at com.microsoft.playwright.impl.Connection.processOneMessage(Connection.java:211)
	at com.microsoft.playwright.impl.ChannelOwner.runUntil(ChannelOwner.java:130)
	... 36 more
</pre></div></td>
<td>10</td>
<td>storetest.KYCPage@1dac5ef</td></tr>
<tr>
<td title='storetest.KYCPage.maxSizeKYCDocument()'><b>maxSizeKYCDocument</b><br>Test class: storetest.KYCPage</td>
<td><div><pre>com.microsoft.playwright.PlaywrightException: Error {
  message=&apos;Error: strict mode violation: locator(&quot;//div[contains(@class, &apos;fnIpjs&apos;)]&quot;) resolved to 5 elements:
    1) &lt;div class=&quot;sc-FEMpB fnIpjs&quot;&gt;File size too large, maximum is 2MB&lt;/div&gt; aka getByText(&quot;File size too large, maximum&quot;)
    2) &lt;div class=&quot;sc-FEMpB fnIpjs&quot;&gt;Aadhar Card is required&lt;/div&gt; aka getByText(&quot;Aadhar Card is required&quot;)
    3) &lt;div class=&quot;sc-FEMpB fnIpjs&quot;&gt;Cancelled Cheque is required&lt;/div&gt; aka getByText(&quot;Cancelled Cheque is required&quot;)
    4) &lt;div class=&quot;sc-FEMpB fnIpjs&quot;&gt;Address Proof is required&lt;/div&gt; aka getByText(&quot;Address Proof is required&quot;)
    5) &lt;div class=&quot;sc-FEMpB fnIpjs&quot;&gt;Owner PAN Card is required&lt;/div&gt; aka getByText(&quot;Owner PAN Card is required&quot;)

  name=&apos;Error
  stack=&apos;Error: Error: strict mode violation: locator(&quot;//div[contains(@class, &apos;fnIpjs&apos;)]&quot;) resolved to 5 elements:
    1) &lt;div class=&quot;sc-FEMpB fnIpjs&quot;&gt;File size too large, maximum is 2MB&lt;/div&gt; aka getByText(&quot;File size too large, maximum&quot;)
    2) &lt;div class=&quot;sc-FEMpB fnIpjs&quot;&gt;Aadhar Card is required&lt;/div&gt; aka getByText(&quot;Aadhar Card is required&quot;)
    3) &lt;div class=&quot;sc-FEMpB fnIpjs&quot;&gt;Cancelled Cheque is required&lt;/div&gt; aka getByText(&quot;Cancelled Cheque is required&quot;)
    4) &lt;div class=&quot;sc-FEMpB fnIpjs&quot;&gt;Address Proof is required&lt;/div&gt; aka getByText(&quot;Address Proof is required&quot;)
    5) &lt;div class=&quot;sc-FEMpB fnIpjs&quot;&gt;Owner PAN Card is required&lt;/div&gt; aka getByText(&quot;Owner PAN Card is required&quot;)

    at CRExecutionContext.evaluateWithArguments (C:\Users\VICKYS~1\AppData\Local\Temp\playwright-java-2921448049461292389\package\lib\server\chromium\crExecutionContext.js:79:33)
    at async LongStandingScope._race (C:\Users\VICKYS~1\AppData\Local\Temp\playwright-java-2921448049461292389\package\lib\utils\manualPromise.js:96:14)
    at async evaluateExpression (C:\Users\VICKYS~1\AppData\Local\Temp\playwright-java-2921448049461292389\package\lib\server\javascript.js:229:12)
    at async C:\Users\VICKYS~1\AppData\Local\Temp\playwright-java-2921448049461292389\package\lib\server\frames.js:1489:13
    at async Frame.retryWithProgressAndTimeouts (C:\Users\VICKYS~1\AppData\Local\Temp\playwright-java-2921448049461292389\package\lib\server\frames.js:935:24)
    at async ProgressController.run (C:\Users\VICKYS~1\AppData\Local\Temp\playwright-java-2921448049461292389\package\lib\server\progress.js:79:22)
    at async FrameDispatcher.innerText (C:\Users\VICKYS~1\AppData\Local\Temp\playwright-java-2921448049461292389\package\lib\server\dispatchers\frameDispatcher.js:186:14)
    at async LongStandingScope._race (C:\Users\VICKYS~1\AppData\Local\Temp\playwright-java-2921448049461292389\package\lib\utils\manualPromise.js:96:14)
    at async FrameDispatcher._handleCommand (C:\Users\VICKYS~1\AppData\Local\Temp\playwright-java-2921448049461292389\package\lib\server\dispatchers\dispatcher.js:96:14)
    at async DispatcherConnection.dispatch (C:\Users\VICKYS~1\AppData\Local\Temp\playwright-java-2921448049461292389\package\lib\server\dispatchers\dispatcher.js:361:22)
}
Call log:
-   - waiting for locator(&quot;//div[contains(@class, &apos;fnIpjs&apos;)]&quot;)

	at com.microsoft.playwright.impl.WaitableResult.get(WaitableResult.java:56)
	at com.microsoft.playwright.impl.ChannelOwner.runUntil(ChannelOwner.java:132)
	at com.microsoft.playwright.impl.Connection.sendMessage(Connection.java:130)
	at com.microsoft.playwright.impl.ChannelOwner.sendMessage(ChannelOwner.java:118)
	at com.microsoft.playwright.impl.FrameImpl.innerTextImpl(FrameImpl.java:526)
	at com.microsoft.playwright.impl.FrameImpl.lambda$innerText$22(FrameImpl.java:517)
	at com.microsoft.playwright.impl.LoggingSupport.withLogging(LoggingSupport.java:47)
	at com.microsoft.playwright.impl.ChannelOwner.withLogging(ChannelOwner.java:97)
	at com.microsoft.playwright.impl.FrameImpl.innerText(FrameImpl.java:517)
	at com.microsoft.playwright.impl.LocatorImpl.innerText(LocatorImpl.java:375)
	at com.microsoft.playwright.Locator.innerText(Locator.java:3845)
	at storetest.KYCPage.maxSizeKYCDocument(KYCPage.java:87)
	at java.base/java.util.ArrayList.forEach(ArrayList.java:1597)
Caused by: com.microsoft.playwright.impl.DriverException: Error {
  message=&apos;Error: strict mode violation: locator(&quot;//div[contains(@class, &apos;fnIpjs&apos;)]&quot;) resolved to 5 elements:
    1) &lt;div class=&quot;sc-FEMpB fnIpjs&quot;&gt;File size too large, maximum is 2MB&lt;/div&gt; aka getByText(&quot;File size too large, maximum&quot;)
    2) &lt;div class=&quot;sc-FEMpB fnIpjs&quot;&gt;Aadhar Card is required&lt;/div&gt; aka getByText(&quot;Aadhar Card is required&quot;)
    3) &lt;div class=&quot;sc-FEMpB fnIpjs&quot;&gt;Cancelled Cheque is required&lt;/div&gt; aka getByText(&quot;Cancelled Cheque is required&quot;)
    4) &lt;div class=&quot;sc-FEMpB fnIpjs&quot;&gt;Address Proof is required&lt;/div&gt; aka getByText(&quot;Address Proof is required&quot;)
    5) &lt;div class=&quot;sc-FEMpB fnIpjs&quot;&gt;Owner PAN Card is required&lt;/div&gt; aka getByText(&quot;Owner PAN Card is required&quot;)

  name=&apos;Error
  stack=&apos;Error: Error: strict mode violation: locator(&quot;//div[contains(@class, &apos;fnIpjs&apos;)]&quot;) resolved to 5 elements:
    1) &lt;div class=&quot;sc-FEMpB fnIpjs&quot;&gt;File size too large, maximum is 2MB&lt;/div&gt; aka getByText(&quot;File size too large, maximum&quot;)
    2) &lt;div class=&quot;sc-FEMpB fnIpjs&quot;&gt;Aadhar Card is required&lt;/div&gt; aka getByText(&quot;Aadhar Card is required&quot;)
    3) &lt;div class=&quot;sc-FEMpB fnIpjs&quot;&gt;Cancelled Cheque is required&lt;/div&gt; aka getByText(&quot;Cancelled Cheque is required&quot;)
    4) &lt;div class=&quot;sc-FEMpB fnIpjs&quot;&gt;Address Proof is required&lt;/div&gt; aka getByText(&quot;Address Proof is required&quot;)
    5) &lt;div class=&quot;sc-FEMpB fnIpjs&quot;&gt;Owner PAN Card is required&lt;/div&gt; aka getByText(&quot;Owner PAN Card is required&quot;)

    at CRExecutionContext.evaluateWithArguments (C:\Users\VICKYS~1\AppData\Local\Temp\playwright-java-2921448049461292389\package\lib\server\chromium\crExecutionContext.js:79:33)
    at async LongStandingScope._race (C:\Users\VICKYS~1\AppData\Local\Temp\playwright-java-2921448049461292389\package\lib\utils\manualPromise.js:96:14)
    at async evaluateExpression (C:\Users\VICKYS~1\AppData\Local\Temp\playwright-java-2921448049461292389\package\lib\server\javascript.js:229:12)
    at async C:\Users\VICKYS~1\AppData\Local\Temp\playwright-java-2921448049461292389\package\lib\server\frames.js:1489:13
    at async Frame.retryWithProgressAndTimeouts (C:\Users\VICKYS~1\AppData\Local\Temp\playwright-java-2921448049461292389\package\lib\server\frames.js:935:24)
    at async ProgressController.run (C:\Users\VICKYS~1\AppData\Local\Temp\playwright-java-2921448049461292389\package\lib\server\progress.js:79:22)
    at async FrameDispatcher.innerText (C:\Users\VICKYS~1\AppData\Local\Temp\playwright-java-2921448049461292389\package\lib\server\dispatchers\frameDispatcher.js:186:14)
    at async LongStandingScope._race (C:\Users\VICKYS~1\AppData\Local\Temp\playwright-java-2921448049461292389\package\lib\utils\manualPromise.js:96:14)
    at async FrameDispatcher._handleCommand (C:\Users\VICKYS~1\AppData\Local\Temp\playwright-java-2921448049461292389\package\lib\server\dispatchers\dispatcher.js:96:14)
    at async DispatcherConnection.dispatch (C:\Users\VICKYS~1\AppData\Local\Temp\playwright-java-2921448049461292389\package\lib\server\dispatchers\dispatcher.js:361:22)
}
Call log:
-   - waiting for locator(&quot;//div[contains(@class, &apos;fnIpjs&apos;)]&quot;)

	at com.microsoft.playwright.impl.Connection.dispatch(Connection.java:259)
	at com.microsoft.playwright.impl.Connection.processOneMessage(Connection.java:211)
	at com.microsoft.playwright.impl.ChannelOwner.runUntil(ChannelOwner.java:130)
	... 36 more
... Removed 25 stack frames</pre></div><a href='#' onClick='toggleBox("stack-trace1091107430", this, "Click to show all stack frames", "Click to hide stack frames")'>Click to show all stack frames</a>
<div class='stack-trace' id='stack-trace1091107430'><pre>com.microsoft.playwright.PlaywrightException: Error {
  message=&apos;Error: strict mode violation: locator(&quot;//div[contains(@class, &apos;fnIpjs&apos;)]&quot;) resolved to 5 elements:
    1) &lt;div class=&quot;sc-FEMpB fnIpjs&quot;&gt;File size too large, maximum is 2MB&lt;/div&gt; aka getByText(&quot;File size too large, maximum&quot;)
    2) &lt;div class=&quot;sc-FEMpB fnIpjs&quot;&gt;Aadhar Card is required&lt;/div&gt; aka getByText(&quot;Aadhar Card is required&quot;)
    3) &lt;div class=&quot;sc-FEMpB fnIpjs&quot;&gt;Cancelled Cheque is required&lt;/div&gt; aka getByText(&quot;Cancelled Cheque is required&quot;)
    4) &lt;div class=&quot;sc-FEMpB fnIpjs&quot;&gt;Address Proof is required&lt;/div&gt; aka getByText(&quot;Address Proof is required&quot;)
    5) &lt;div class=&quot;sc-FEMpB fnIpjs&quot;&gt;Owner PAN Card is required&lt;/div&gt; aka getByText(&quot;Owner PAN Card is required&quot;)

  name=&apos;Error
  stack=&apos;Error: Error: strict mode violation: locator(&quot;//div[contains(@class, &apos;fnIpjs&apos;)]&quot;) resolved to 5 elements:
    1) &lt;div class=&quot;sc-FEMpB fnIpjs&quot;&gt;File size too large, maximum is 2MB&lt;/div&gt; aka getByText(&quot;File size too large, maximum&quot;)
    2) &lt;div class=&quot;sc-FEMpB fnIpjs&quot;&gt;Aadhar Card is required&lt;/div&gt; aka getByText(&quot;Aadhar Card is required&quot;)
    3) &lt;div class=&quot;sc-FEMpB fnIpjs&quot;&gt;Cancelled Cheque is required&lt;/div&gt; aka getByText(&quot;Cancelled Cheque is required&quot;)
    4) &lt;div class=&quot;sc-FEMpB fnIpjs&quot;&gt;Address Proof is required&lt;/div&gt; aka getByText(&quot;Address Proof is required&quot;)
    5) &lt;div class=&quot;sc-FEMpB fnIpjs&quot;&gt;Owner PAN Card is required&lt;/div&gt; aka getByText(&quot;Owner PAN Card is required&quot;)

    at CRExecutionContext.evaluateWithArguments (C:\Users\VICKYS~1\AppData\Local\Temp\playwright-java-2921448049461292389\package\lib\server\chromium\crExecutionContext.js:79:33)
    at async LongStandingScope._race (C:\Users\VICKYS~1\AppData\Local\Temp\playwright-java-2921448049461292389\package\lib\utils\manualPromise.js:96:14)
    at async evaluateExpression (C:\Users\VICKYS~1\AppData\Local\Temp\playwright-java-2921448049461292389\package\lib\server\javascript.js:229:12)
    at async C:\Users\VICKYS~1\AppData\Local\Temp\playwright-java-2921448049461292389\package\lib\server\frames.js:1489:13
    at async Frame.retryWithProgressAndTimeouts (C:\Users\VICKYS~1\AppData\Local\Temp\playwright-java-2921448049461292389\package\lib\server\frames.js:935:24)
    at async ProgressController.run (C:\Users\VICKYS~1\AppData\Local\Temp\playwright-java-2921448049461292389\package\lib\server\progress.js:79:22)
    at async FrameDispatcher.innerText (C:\Users\VICKYS~1\AppData\Local\Temp\playwright-java-2921448049461292389\package\lib\server\dispatchers\frameDispatcher.js:186:14)
    at async LongStandingScope._race (C:\Users\VICKYS~1\AppData\Local\Temp\playwright-java-2921448049461292389\package\lib\utils\manualPromise.js:96:14)
    at async FrameDispatcher._handleCommand (C:\Users\VICKYS~1\AppData\Local\Temp\playwright-java-2921448049461292389\package\lib\server\dispatchers\dispatcher.js:96:14)
    at async DispatcherConnection.dispatch (C:\Users\VICKYS~1\AppData\Local\Temp\playwright-java-2921448049461292389\package\lib\server\dispatchers\dispatcher.js:361:22)
}
Call log:
-   - waiting for locator(&quot;//div[contains(@class, &apos;fnIpjs&apos;)]&quot;)

	at com.microsoft.playwright.impl.WaitableResult.get(WaitableResult.java:56)
	at com.microsoft.playwright.impl.ChannelOwner.runUntil(ChannelOwner.java:132)
	at com.microsoft.playwright.impl.Connection.sendMessage(Connection.java:130)
	at com.microsoft.playwright.impl.ChannelOwner.sendMessage(ChannelOwner.java:118)
	at com.microsoft.playwright.impl.FrameImpl.innerTextImpl(FrameImpl.java:526)
	at com.microsoft.playwright.impl.FrameImpl.lambda$innerText$22(FrameImpl.java:517)
	at com.microsoft.playwright.impl.LoggingSupport.withLogging(LoggingSupport.java:47)
	at com.microsoft.playwright.impl.ChannelOwner.withLogging(ChannelOwner.java:97)
	at com.microsoft.playwright.impl.FrameImpl.innerText(FrameImpl.java:517)
	at com.microsoft.playwright.impl.LocatorImpl.innerText(LocatorImpl.java:375)
	at com.microsoft.playwright.Locator.innerText(Locator.java:3845)
	at storetest.KYCPage.maxSizeKYCDocument(KYCPage.java:87)
	at java.base/jdk.internal.reflect.DirectMethodHandleAccessor.invoke(DirectMethodHandleAccessor.java:103)
	at java.base/java.lang.reflect.Method.invoke(Method.java:580)
	at org.testng.internal.invokers.MethodInvocationHelper.invokeMethod(MethodInvocationHelper.java:141)
	at org.testng.internal.invokers.TestInvoker.invokeMethod(TestInvoker.java:687)
	at org.testng.internal.invokers.TestInvoker.invokeTestMethod(TestInvoker.java:230)
	at org.testng.internal.invokers.MethodRunner.runInSequence(MethodRunner.java:63)
	at org.testng.internal.invokers.TestInvoker$MethodInvocationAgent.invoke(TestInvoker.java:995)
	at org.testng.internal.invokers.TestInvoker.invokeTestMethods(TestInvoker.java:203)
	at org.testng.internal.invokers.TestMethodWorker.invokeTestMethods(TestMethodWorker.java:154)
	at org.testng.internal.invokers.TestMethodWorker.run(TestMethodWorker.java:134)
	at java.base/java.util.ArrayList.forEach(ArrayList.java:1597)
	at org.testng.TestRunner.privateRun(TestRunner.java:741)
	at org.testng.TestRunner.run(TestRunner.java:616)
	at org.testng.SuiteRunner.runTest(SuiteRunner.java:421)
	at org.testng.SuiteRunner.runSequentially(SuiteRunner.java:413)
	at org.testng.SuiteRunner.privateRun(SuiteRunner.java:373)
	at org.testng.SuiteRunner.run(SuiteRunner.java:312)
	at org.testng.SuiteRunnerWorker.runSuite(SuiteRunnerWorker.java:52)
	at org.testng.SuiteRunnerWorker.run(SuiteRunnerWorker.java:95)
	at org.testng.TestNG.runSuitesSequentially(TestNG.java:1274)
	at org.testng.TestNG.runSuitesLocally(TestNG.java:1208)
	at org.testng.TestNG.runSuites(TestNG.java:1112)
	at org.testng.TestNG.run(TestNG.java:1079)
	at org.testng.remote.AbstractRemoteTestNG.run(AbstractRemoteTestNG.java:115)
	at org.testng.remote.RemoteTestNG.initAndRun(RemoteTestNG.java:293)
	at org.testng.remote.RemoteTestNG.main(RemoteTestNG.java:91)
Caused by: com.microsoft.playwright.impl.DriverException: Error {
  message=&apos;Error: strict mode violation: locator(&quot;//div[contains(@class, &apos;fnIpjs&apos;)]&quot;) resolved to 5 elements:
    1) &lt;div class=&quot;sc-FEMpB fnIpjs&quot;&gt;File size too large, maximum is 2MB&lt;/div&gt; aka getByText(&quot;File size too large, maximum&quot;)
    2) &lt;div class=&quot;sc-FEMpB fnIpjs&quot;&gt;Aadhar Card is required&lt;/div&gt; aka getByText(&quot;Aadhar Card is required&quot;)
    3) &lt;div class=&quot;sc-FEMpB fnIpjs&quot;&gt;Cancelled Cheque is required&lt;/div&gt; aka getByText(&quot;Cancelled Cheque is required&quot;)
    4) &lt;div class=&quot;sc-FEMpB fnIpjs&quot;&gt;Address Proof is required&lt;/div&gt; aka getByText(&quot;Address Proof is required&quot;)
    5) &lt;div class=&quot;sc-FEMpB fnIpjs&quot;&gt;Owner PAN Card is required&lt;/div&gt; aka getByText(&quot;Owner PAN Card is required&quot;)

  name=&apos;Error
  stack=&apos;Error: Error: strict mode violation: locator(&quot;//div[contains(@class, &apos;fnIpjs&apos;)]&quot;) resolved to 5 elements:
    1) &lt;div class=&quot;sc-FEMpB fnIpjs&quot;&gt;File size too large, maximum is 2MB&lt;/div&gt; aka getByText(&quot;File size too large, maximum&quot;)
    2) &lt;div class=&quot;sc-FEMpB fnIpjs&quot;&gt;Aadhar Card is required&lt;/div&gt; aka getByText(&quot;Aadhar Card is required&quot;)
    3) &lt;div class=&quot;sc-FEMpB fnIpjs&quot;&gt;Cancelled Cheque is required&lt;/div&gt; aka getByText(&quot;Cancelled Cheque is required&quot;)
    4) &lt;div class=&quot;sc-FEMpB fnIpjs&quot;&gt;Address Proof is required&lt;/div&gt; aka getByText(&quot;Address Proof is required&quot;)
    5) &lt;div class=&quot;sc-FEMpB fnIpjs&quot;&gt;Owner PAN Card is required&lt;/div&gt; aka getByText(&quot;Owner PAN Card is required&quot;)

    at CRExecutionContext.evaluateWithArguments (C:\Users\VICKYS~1\AppData\Local\Temp\playwright-java-2921448049461292389\package\lib\server\chromium\crExecutionContext.js:79:33)
    at async LongStandingScope._race (C:\Users\VICKYS~1\AppData\Local\Temp\playwright-java-2921448049461292389\package\lib\utils\manualPromise.js:96:14)
    at async evaluateExpression (C:\Users\VICKYS~1\AppData\Local\Temp\playwright-java-2921448049461292389\package\lib\server\javascript.js:229:12)
    at async C:\Users\VICKYS~1\AppData\Local\Temp\playwright-java-2921448049461292389\package\lib\server\frames.js:1489:13
    at async Frame.retryWithProgressAndTimeouts (C:\Users\VICKYS~1\AppData\Local\Temp\playwright-java-2921448049461292389\package\lib\server\frames.js:935:24)
    at async ProgressController.run (C:\Users\VICKYS~1\AppData\Local\Temp\playwright-java-2921448049461292389\package\lib\server\progress.js:79:22)
    at async FrameDispatcher.innerText (C:\Users\VICKYS~1\AppData\Local\Temp\playwright-java-2921448049461292389\package\lib\server\dispatchers\frameDispatcher.js:186:14)
    at async LongStandingScope._race (C:\Users\VICKYS~1\AppData\Local\Temp\playwright-java-2921448049461292389\package\lib\utils\manualPromise.js:96:14)
    at async FrameDispatcher._handleCommand (C:\Users\VICKYS~1\AppData\Local\Temp\playwright-java-2921448049461292389\package\lib\server\dispatchers\dispatcher.js:96:14)
    at async DispatcherConnection.dispatch (C:\Users\VICKYS~1\AppData\Local\Temp\playwright-java-2921448049461292389\package\lib\server\dispatchers\dispatcher.js:361:22)
}
Call log:
-   - waiting for locator(&quot;//div[contains(@class, &apos;fnIpjs&apos;)]&quot;)

	at com.microsoft.playwright.impl.Connection.dispatch(Connection.java:259)
	at com.microsoft.playwright.impl.Connection.processOneMessage(Connection.java:211)
	at com.microsoft.playwright.impl.ChannelOwner.runUntil(ChannelOwner.java:130)
	... 36 more
</pre></div></td>
<td>14</td>
<td>storetest.KYCPage@1dac5ef</td></tr>
</table><p>
<table width='100%' border='1' class='invocation-passed'>
<tr><td colspan='4' align='center'><b>PASSED TESTS</b></td></tr>
<tr><td><b>Test method</b></td>
<td><b>Attribute(s)</b></td>
<td width="30%"><b>Exception</b></td>
<td width="10%"><b>Time (seconds)</b></td>
<td><b>Instance</b></td>
</tr>
<tr>
<td title='storetest.StoreDetails.moreCharacterLocality()'><b>moreCharacterLocality</b><br>Test class: storetest.StoreDetails</td>
<td></td>
<td>2</td>
<td>storetest.StoreDetails@ae13544</td></tr>
<tr>
<td title='storetest.StoreDetails.minemail()'><b>minemail</b><br>Test class: storetest.StoreDetails</td>
<td></td>
<td>2</td>
<td>storetest.StoreDetails@ae13544</td></tr>
<tr>
<td title='storetest.StoreDetails.nextButtonBehaviour()'><b>nextButtonBehaviour</b><br>Test class: storetest.StoreDetails</td>
<td></td>
<td>8</td>
<td>storetest.StoreDetails@ae13544</td></tr>
<tr>
<td title='storetest.StoreDetails.specialcharacterssteetname()'><b>specialcharacterssteetname</b><br>Test class: storetest.StoreDetails</td>
<td></td>
<td>0</td>
<td>storetest.StoreDetails@ae13544</td></tr>
<tr>
<td title='storetest.BankDetails.validBranchAddress()'><b>validBranchAddress</b><br>Test class: storetest.BankDetails</td>
<td></td>
<td>4</td>
<td>storetest.BankDetails@77f80c04</td></tr>
<tr>
<td title='storetest.BankDetails.lessCharBankName()'><b>lessCharBankName</b><br>Test class: storetest.BankDetails</td>
<td></td>
<td>4</td>
<td>storetest.BankDetails@77f80c04</td></tr>
<tr>
<td title='storetest.StoreDetails.validstreetname()'><b>validstreetname</b><br>Test class: storetest.StoreDetails</td>
<td></td>
<td>2</td>
<td>storetest.StoreDetails@ae13544</td></tr>
<tr>
<td title='storetest.StoreDetails.emptyWebsite()'><b>emptyWebsite</b><br>Test class: storetest.StoreDetails</td>
<td></td>
<td>2</td>
<td>storetest.StoreDetails@ae13544</td></tr>
<tr>
<td title='storetest.StoreDetails.testUploadLogo()'><b>testUploadLogo</b><br>Test class: storetest.StoreDetails</td>
<td></td>
<td>5</td>
<td>storetest.StoreDetails@ae13544</td></tr>
<tr>
<td title='storetest.StoreDetails.specialCharFssai()'><b>specialCharFssai</b><br>Test class: storetest.StoreDetails</td>
<td></td>
<td>2</td>
<td>storetest.StoreDetails@ae13544</td></tr>
<tr>
<td title='storetest.StoreDetails.specialCharUdhayamID()'><b>specialCharUdhayamID</b><br>Test class: storetest.StoreDetails</td>
<td></td>
<td>2</td>
<td>storetest.StoreDetails@ae13544</td></tr>
<tr>
<td title='storetest.StoreDetails.specialcharactersstorename()'><b>specialcharactersstorename</b><br>Test class: storetest.StoreDetails</td>
<td></td>
<td>0</td>
<td>storetest.StoreDetails@ae13544</td></tr>
<tr>
<td title='storetest.BankDetails.validPanCard()'><b>validPanCard</b><br>Test class: storetest.BankDetails</td>
<td></td>
<td>4</td>
<td>storetest.BankDetails@77f80c04</td></tr>
<tr>
<td title='storetest.StoreDetails.maxemail()'><b>maxemail</b><br>Test class: storetest.StoreDetails</td>
<td></td>
<td>2</td>
<td>storetest.StoreDetails@ae13544</td></tr>
<tr>
<td title='storetest.StoreDetails.minstreetname()'><b>minstreetname</b><br>Test class: storetest.StoreDetails</td>
<td></td>
<td>2</td>
<td>storetest.StoreDetails@ae13544</td></tr>
<tr>
<td title='storetest.BankDetails.multiSpaceAccountNumber()'><b>multiSpaceAccountNumber</b><br>Test class: storetest.BankDetails</td>
<td></td>
<td>4</td>
<td>storetest.BankDetails@77f80c04</td></tr>
<tr>
<td title='storetest.StoreDetails.validTest()'><b>validTest</b><br>Test class: storetest.StoreDetails</td>
<td></td>
<td>19</td>
<td>storetest.StoreDetails@ae13544</td></tr>
<tr>
<td title='storetest.StoreDetails.verifyDeleteLogo()'><b>verifyDeleteLogo</b><br>Test class: storetest.StoreDetails</td>
<td></td>
<td>2</td>
<td>storetest.StoreDetails@ae13544</td></tr>
<tr>
<td title='storetest.StoreDetails.citynotselected()'><b>citynotselected</b><br>Test class: storetest.StoreDetails</td>
<td></td>
<td>2</td>
<td>storetest.StoreDetails@ae13544</td></tr>
<tr>
<td title='storetest.BankDetails.multiSpacePanCard()'><b>multiSpacePanCard</b><br>Test class: storetest.BankDetails</td>
<td></td>
<td>4</td>
<td>storetest.BankDetails@77f80c04</td></tr>
<tr>
<td title='storetest.StoreDetails.verifyUnsupportedFileUpload()'><b>verifyUnsupportedFileUpload</b><br>Test class: storetest.StoreDetails</td>
<td></td>
<td>2</td>
<td>storetest.StoreDetails@ae13544</td></tr>
<tr>
<td title='storetest.StoreDetails.emptystreetname()'><b>emptystreetname</b><br>Test class: storetest.StoreDetails</td>
<td></td>
<td>2</td>
<td>storetest.StoreDetails@ae13544</td></tr>
<tr>
<td title='storetest.StoreDetails.lessCharPhoneNumber()'><b>lessCharPhoneNumber</b><br>Test class: storetest.StoreDetails</td>
<td></td>
<td>2</td>
<td>storetest.StoreDetails@ae13544</td></tr>
<tr>
<td title='storetest.StoreDetails.emptystorename()'><b>emptystorename</b><br>Test class: storetest.StoreDetails</td>
<td></td>
<td>2</td>
<td>storetest.StoreDetails@ae13544</td></tr>
<tr>
<td title='storetest.StoreDetails.validWebsite()'><b>validWebsite</b><br>Test class: storetest.StoreDetails</td>
<td></td>
<td>2</td>
<td>storetest.StoreDetails@ae13544</td></tr>
<tr>
<td title='storetest.StoreDetails.invalidEmail()'><b>invalidEmail</b><br>Test class: storetest.StoreDetails</td>
<td></td>
<td>2</td>
<td>storetest.StoreDetails@ae13544</td></tr>
<tr>
<td title='storetest.StoreDetails.emptyGst()'><b>emptyGst</b><br>Test class: storetest.StoreDetails</td>
<td></td>
<td>2</td>
<td>storetest.StoreDetails@ae13544</td></tr>
<tr>
<td title='storetest.BankDetails.lessCharAccountHolderName()'><b>lessCharAccountHolderName</b><br>Test class: storetest.BankDetails</td>
<td></td>
<td>4</td>
<td>storetest.BankDetails@77f80c04</td></tr>
<tr>
<td title='storetest.BankDetails.validBranchName()'><b>validBranchName</b><br>Test class: storetest.BankDetails</td>
<td></td>
<td>4</td>
<td>storetest.BankDetails@77f80c04</td></tr>
<tr>
<td title='storetest.BankDetails.specialCharUpiId()'><b>specialCharUpiId</b><br>Test class: storetest.BankDetails</td>
<td></td>
<td>4</td>
<td>storetest.BankDetails@77f80c04</td></tr>
<tr>
<td title='storetest.BankDetails.lessCharBranchAddress()'><b>lessCharBranchAddress</b><br>Test class: storetest.BankDetails</td>
<td></td>
<td>4</td>
<td>storetest.BankDetails@77f80c04</td></tr>
<tr>
<td title='storetest.BankDetails.specialCharPanCard()'><b>specialCharPanCard</b><br>Test class: storetest.BankDetails</td>
<td></td>
<td>4</td>
<td>storetest.BankDetails@77f80c04</td></tr>
<tr>
<td title='storetest.StoreDetails.storetypenotselected()'><b>storetypenotselected</b><br>Test class: storetest.StoreDetails</td>
<td></td>
<td>2</td>
<td>storetest.StoreDetails@ae13544</td></tr>
<tr>
<td title='storetest.BankDetails.lessCharAccountNumber()'><b>lessCharAccountNumber</b><br>Test class: storetest.BankDetails</td>
<td></td>
<td>4</td>
<td>storetest.BankDetails@77f80c04</td></tr>
<tr>
<td title='storetest.BankDetails.emptyBranchName()'><b>emptyBranchName</b><br>Test class: storetest.BankDetails</td>
<td></td>
<td>4</td>
<td>storetest.BankDetails@77f80c04</td></tr>
<tr>
<td title='storetest.StoreDetails.emptyUdhayamID()'><b>emptyUdhayamID</b><br>Test class: storetest.StoreDetails</td>
<td></td>
<td>2</td>
<td>storetest.StoreDetails@ae13544</td></tr>
<tr>
<td title='storetest.StoreDetails.invalidUdhayamID()'><b>invalidUdhayamID</b><br>Test class: storetest.StoreDetails</td>
<td></td>
<td>2</td>
<td>storetest.StoreDetails@ae13544</td></tr>
<tr>
<td title='storetest.BankDetails.moreCharBranchName()'><b>moreCharBranchName</b><br>Test class: storetest.BankDetails</td>
<td></td>
<td>4</td>
<td>storetest.BankDetails@77f80c04</td></tr>
<tr>
<td title='storetest.StoreDetails.invalidNextButtonBehaviour()'><b>invalidNextButtonBehaviour</b><br>Test class: storetest.StoreDetails</td>
<td></td>
<td>4</td>
<td>storetest.StoreDetails@ae13544</td></tr>
<tr>
<td title='storetest.KYCPage.submitKYC()'><b>submitKYC</b><br>Test class: storetest.KYCPage</td>
<td></td>
<td>18</td>
<td>storetest.KYCPage@1dac5ef</td></tr>
<tr>
<td title='storetest.StoreDetails.storetype()'><b>storetype</b><br>Test class: storetest.StoreDetails</td>
<td></td>
<td>2</td>
<td>storetest.StoreDetails@ae13544</td></tr>
<tr>
<td title='storetest.BankDetails.multiSpaceBranchName()'><b>multiSpaceBranchName</b><br>Test class: storetest.BankDetails</td>
<td></td>
<td>4</td>
<td>storetest.BankDetails@77f80c04</td></tr>
<tr>
<td title='storetest.BankDetails.registerStoresuccessfull()'><b>registerStoresuccessfull</b><br>Test class: storetest.BankDetails</td>
<td></td>
<td>14</td>
<td>storetest.BankDetails@77f80c04</td></tr>
<tr>
<td title='storetest.BankDetails.invalidUpiId()'><b>invalidUpiId</b><br>Test class: storetest.BankDetails</td>
<td></td>
<td>4</td>
<td>storetest.BankDetails@77f80c04</td></tr>
<tr>
<td title='storetest.StoreDetails.invalidLenFssai()'><b>invalidLenFssai</b><br>Test class: storetest.StoreDetails</td>
<td></td>
<td>2</td>
<td>storetest.StoreDetails@ae13544</td></tr>
<tr>
<td title='storetest.BankDetails.invalidPanCard()'><b>invalidPanCard</b><br>Test class: storetest.BankDetails</td>
<td></td>
<td>4</td>
<td>storetest.BankDetails@77f80c04</td></tr>
<tr>
<td title='storetest.StoreDetails.stateselect()'><b>stateselect</b><br>Test class: storetest.StoreDetails</td>
<td></td>
<td>2</td>
<td>storetest.StoreDetails@ae13544</td></tr>
<tr>
<td title='storetest.StoreDetails.pincodenotselected()'><b>pincodenotselected</b><br>Test class: storetest.StoreDetails</td>
<td></td>
<td>2</td>
<td>storetest.StoreDetails@ae13544</td></tr>
<tr>
<td title='storetest.BankDetails.multiSpaceBankName()'><b>multiSpaceBankName</b><br>Test class: storetest.BankDetails</td>
<td></td>
<td>4</td>
<td>storetest.BankDetails@77f80c04</td></tr>
<tr>
<td title='storetest.StoreDetails.emptyLocality()'><b>emptyLocality</b><br>Test class: storetest.StoreDetails</td>
<td></td>
<td>2</td>
<td>storetest.StoreDetails@ae13544</td></tr>
<tr>
<td title='storetest.StoreDetails.validLocality()'><b>validLocality</b><br>Test class: storetest.StoreDetails</td>
<td></td>
<td>2</td>
<td>storetest.StoreDetails@ae13544</td></tr>
<tr>
<td title='storetest.BankDetails.lessCharBranchName()'><b>lessCharBranchName</b><br>Test class: storetest.BankDetails</td>
<td></td>
<td>4</td>
<td>storetest.BankDetails@77f80c04</td></tr>
<tr>
<td title='storetest.BankDetails.validBankName()'><b>validBankName</b><br>Test class: storetest.BankDetails</td>
<td></td>
<td>4</td>
<td>storetest.BankDetails@77f80c04</td></tr>
<tr>
<td title='storetest.StoreDetails.validFssai()'><b>validFssai</b><br>Test class: storetest.StoreDetails</td>
<td></td>
<td>2</td>
<td>storetest.StoreDetails@ae13544</td></tr>
<tr>
<td title='storetest.StoreDetails.maxstorename()'><b>maxstorename</b><br>Test class: storetest.StoreDetails</td>
<td></td>
<td>2</td>
<td>storetest.StoreDetails@ae13544</td></tr>
<tr>
<td title='storetest.StoreDetails.validGst()'><b>validGst</b><br>Test class: storetest.StoreDetails</td>
<td></td>
<td>2</td>
<td>storetest.StoreDetails@ae13544</td></tr>
<tr>
<td title='storetest.BankDetails.moreCharAccountNumber()'><b>moreCharAccountNumber</b><br>Test class: storetest.BankDetails</td>
<td></td>
<td>4</td>
<td>storetest.BankDetails@77f80c04</td></tr>
<tr>
<td title='storetest.StoreDetails.pincodedd()'><b>pincodedd</b><br>Test class: storetest.StoreDetails</td>
<td></td>
<td>7</td>
<td>storetest.StoreDetails@ae13544</td></tr>
<tr>
<td title='storetest.BankDetails.spaceIfscCode()'><b>spaceIfscCode</b><br>Test class: storetest.BankDetails</td>
<td></td>
<td>4</td>
<td>storetest.BankDetails@77f80c04</td></tr>
<tr>
<td title='storetest.StoreDetails.statedd()'><b>statedd</b><br>Test class: storetest.StoreDetails</td>
<td></td>
<td>2</td>
<td>storetest.StoreDetails@ae13544</td></tr>
<tr>
<td title='storetest.BankDetails.validIfscCode()'><b>validIfscCode</b><br>Test class: storetest.BankDetails</td>
<td></td>
<td>4</td>
<td>storetest.BankDetails@77f80c04</td></tr>
<tr>
<td title='storetest.KYCPage.kycpage()'><b>kycpage</b><br>Test class: storetest.KYCPage</td>
<td></td>
<td>12</td>
<td>storetest.KYCPage@1dac5ef</td></tr>
<tr>
<td title='storetest.StoreDetails.cityselect()'><b>cityselect</b><br>Test class: storetest.StoreDetails</td>
<td></td>
<td>5</td>
<td>storetest.StoreDetails@ae13544</td></tr>
<tr>
<td title='storetest.StoreDetails.invalidWebsite()'><b>invalidWebsite</b><br>Test class: storetest.StoreDetails</td>
<td></td>
<td>2</td>
<td>storetest.StoreDetails@ae13544</td></tr>
<tr>
<td title='storetest.BankDetails.lessCharIfscCode()'><b>lessCharIfscCode</b><br>Test class: storetest.BankDetails</td>
<td></td>
<td>4</td>
<td>storetest.BankDetails@77f80c04</td></tr>
<tr>
<td title='storetest.BankDetails.moreCharIfscCode()'><b>moreCharIfscCode</b><br>Test class: storetest.BankDetails</td>
<td></td>
<td>4</td>
<td>storetest.BankDetails@77f80c04</td></tr>
<tr>
<td title='storetest.StoreDetails.maxstreetname()'><b>maxstreetname</b><br>Test class: storetest.StoreDetails</td>
<td></td>
<td>2</td>
<td>storetest.StoreDetails@ae13544</td></tr>
<tr>
<td title='storetest.BankDetails.moreCharAccountHolderName()'><b>moreCharAccountHolderName</b><br>Test class: storetest.BankDetails</td>
<td></td>
<td>4</td>
<td>storetest.BankDetails@77f80c04</td></tr>
<tr>
<td title='storetest.BankDetails.lessCharPanCard()'><b>lessCharPanCard</b><br>Test class: storetest.BankDetails</td>
<td></td>
<td>4</td>
<td>storetest.BankDetails@77f80c04</td></tr>
<tr>
<td title='storetest.StoreDetails.emptyEmail()'><b>emptyEmail</b><br>Test class: storetest.StoreDetails</td>
<td></td>
<td>2</td>
<td>storetest.StoreDetails@ae13544</td></tr>
<tr>
<td title='storetest.StoreDetails.specialdoorno()'><b>specialdoorno</b><br>Test class: storetest.StoreDetails</td>
<td></td>
<td>0</td>
<td>storetest.StoreDetails@ae13544</td></tr>
<tr>
<td title='storetest.StoreDetails.moreCharPhoneNumber()'><b>moreCharPhoneNumber</b><br>Test class: storetest.StoreDetails</td>
<td></td>
<td>2</td>
<td>storetest.StoreDetails@ae13544</td></tr>
<tr>
<td title='storetest.BankDetails.emptyBankName()'><b>emptyBankName</b><br>Test class: storetest.BankDetails</td>
<td></td>
<td>4</td>
<td>storetest.BankDetails@77f80c04</td></tr>
<tr>
<td title='storetest.BankDetails.multiSpaceAccountHolderName()'><b>multiSpaceAccountHolderName</b><br>Test class: storetest.BankDetails</td>
<td></td>
<td>4</td>
<td>storetest.BankDetails@77f80c04</td></tr>
<tr>
<td title='storetest.StoreDetails.validEmail()'><b>validEmail</b><br>Test class: storetest.StoreDetails</td>
<td></td>
<td>3</td>
<td>storetest.StoreDetails@ae13544</td></tr>
<tr>
<td title='storetest.BankDetails.spaceUiId()'><b>spaceUiId</b><br>Test class: storetest.BankDetails</td>
<td></td>
<td>4</td>
<td>storetest.BankDetails@77f80c04</td></tr>
<tr>
<td title='storetest.StoreDetails.invalidFssai()'><b>invalidFssai</b><br>Test class: storetest.StoreDetails</td>
<td></td>
<td>2</td>
<td>storetest.StoreDetails@ae13544</td></tr>
<tr>
<td title='storetest.BankDetails.emptyAccountNumber()'><b>emptyAccountNumber</b><br>Test class: storetest.BankDetails</td>
<td></td>
<td>4</td>
<td>storetest.BankDetails@77f80c04</td></tr>
<tr>
<td title='storetest.StoreDetails.verifymaxsize()'><b>verifymaxsize</b><br>Test class: storetest.StoreDetails</td>
<td></td>
<td>3</td>
<td>storetest.StoreDetails@ae13544</td></tr>
<tr>
<td title='storetest.BankDetails.moreCharPanCard()'><b>moreCharPanCard</b><br>Test class: storetest.BankDetails</td>
<td></td>
<td>4</td>
<td>storetest.BankDetails@77f80c04</td></tr>
<tr>
<td title='storetest.StoreDetails.citydd()'><b>citydd</b><br>Test class: storetest.StoreDetails</td>
<td></td>
<td>4</td>
<td>storetest.StoreDetails@ae13544</td></tr>
<tr>
<td title='storetest.StoreDetails.specialCharacterLocality()'><b>specialCharacterLocality</b><br>Test class: storetest.StoreDetails</td>
<td></td>
<td>2</td>
<td>storetest.StoreDetails@ae13544</td></tr>
<tr>
<td title='storetest.StoreDetails.emptyFssaiforother()'><b>emptyFssaiforother</b><br>Test class: storetest.StoreDetails</td>
<td></td>
<td>2</td>
<td>storetest.StoreDetails@ae13544</td></tr>
<tr>
<td title='storetest.StoreDetails.invalidLenGst()'><b>invalidLenGst</b><br>Test class: storetest.StoreDetails</td>
<td></td>
<td>2</td>
<td>storetest.StoreDetails@ae13544</td></tr>
<tr>
<td title='storetest.BankDetails.specialCharIfscCode()'><b>specialCharIfscCode</b><br>Test class: storetest.BankDetails</td>
<td></td>
<td>4</td>
<td>storetest.BankDetails@77f80c04</td></tr>
<tr>
<td title='storetest.StoreDetails.specialCharWebsite()'><b>specialCharWebsite</b><br>Test class: storetest.StoreDetails</td>
<td></td>
<td>2</td>
<td>storetest.StoreDetails@ae13544</td></tr>
<tr>
<td title='storetest.StoreDetails.maxdoorno()'><b>maxdoorno</b><br>Test class: storetest.StoreDetails</td>
<td></td>
<td>2</td>
<td>storetest.StoreDetails@ae13544</td></tr>
<tr>
<td title='storetest.BankDetails.moreCharBranchAddress()'><b>moreCharBranchAddress</b><br>Test class: storetest.BankDetails</td>
<td></td>
<td>4</td>
<td>storetest.BankDetails@77f80c04</td></tr>
<tr>
<td title='storetest.BankDetails.emptyPanCard()'><b>emptyPanCard</b><br>Test class: storetest.BankDetails</td>
<td></td>
<td>4</td>
<td>storetest.BankDetails@77f80c04</td></tr>
<tr>
<td title='storetest.StoreDetails.emptyPhoneNumber()'><b>emptyPhoneNumber</b><br>Test class: storetest.StoreDetails</td>
<td></td>
<td>2</td>
<td>storetest.StoreDetails@ae13544</td></tr>
<tr>
<td title='storetest.StoreDetails.emptyFssaiforFb()'><b>emptyFssaiforFb</b><br>Test class: storetest.StoreDetails</td>
<td></td>
<td>2</td>
<td>storetest.StoreDetails@ae13544</td></tr>
<tr>
<td title='storetest.BankDetails.emptyBranchAddress()'><b>emptyBranchAddress</b><br>Test class: storetest.BankDetails</td>
<td></td>
<td>4</td>
<td>storetest.BankDetails@77f80c04</td></tr>
<tr>
<td title='storetest.KYCPage.backButtonKYCBehaviour()'><b>backButtonKYCBehaviour</b><br>Test class: storetest.KYCPage</td>
<td></td>
<td>16</td>
<td>storetest.KYCPage@1dac5ef</td></tr>
<tr>
<td title='storetest.BankDetails.emptyIfscCode()'><b>emptyIfscCode</b><br>Test class: storetest.BankDetails</td>
<td></td>
<td>4</td>
<td>storetest.BankDetails@77f80c04</td></tr>
<tr>
<td title='storetest.BankDetails.specialCharAccountNumber()'><b>specialCharAccountNumber</b><br>Test class: storetest.BankDetails</td>
<td></td>
<td>4</td>
<td>storetest.BankDetails@77f80c04</td></tr>
<tr>
<td title='storetest.BankDetails.invalidAccountNumber()'><b>invalidAccountNumber</b><br>Test class: storetest.BankDetails</td>
<td></td>
<td>4</td>
<td>storetest.BankDetails@77f80c04</td></tr>
<tr>
<td title='storetest.StoreDetails.storeselect()'><b>storeselect</b><br>Test class: storetest.StoreDetails</td>
<td></td>
<td>0</td>
<td>storetest.StoreDetails@ae13544</td></tr>
<tr>
<td title='storetest.StoreDetails.validUdhayamID()'><b>validUdhayamID</b><br>Test class: storetest.StoreDetails</td>
<td></td>
<td>2</td>
<td>storetest.StoreDetails@ae13544</td></tr>
<tr>
<td title='storetest.BankDetails.multiSpaceBranchAddress()'><b>multiSpaceBranchAddress</b><br>Test class: storetest.BankDetails</td>
<td></td>
<td>4</td>
<td>storetest.BankDetails@77f80c04</td></tr>
<tr>
<td title='storetest.StoreDetails.statenotselected()'><b>statenotselected</b><br>Test class: storetest.StoreDetails</td>
<td></td>
<td>2</td>
<td>storetest.StoreDetails@ae13544</td></tr>
<tr>
<td title='storetest.BankDetails.moreCharBankName()'><b>moreCharBankName</b><br>Test class: storetest.BankDetails</td>
<td></td>
<td>4</td>
<td>storetest.BankDetails@77f80c04</td></tr>
<tr>
<td title='storetest.BankDetails.validUpiId()'><b>validUpiId</b><br>Test class: storetest.BankDetails</td>
<td></td>
<td>4</td>
<td>storetest.BankDetails@77f80c04</td></tr>
<tr>
<td title='storetest.StoreDetails.invalidPhoneNumber()'><b>invalidPhoneNumber</b><br>Test class: storetest.StoreDetails</td>
<td></td>
<td>2</td>
<td>storetest.StoreDetails@ae13544</td></tr>
<tr>
<td title='storetest.StoreDetails.invalidGst()'><b>invalidGst</b><br>Test class: storetest.StoreDetails</td>
<td></td>
<td>2</td>
<td>storetest.StoreDetails@ae13544</td></tr>
<tr>
<td title='storetest.StoreDetails.minstorename()'><b>minstorename</b><br>Test class: storetest.StoreDetails</td>
<td></td>
<td>2</td>
<td>storetest.StoreDetails@ae13544</td></tr>
<tr>
<td title='storetest.BankDetails.validAccountHolderName()'><b>validAccountHolderName</b><br>Test class: storetest.BankDetails</td>
<td></td>
<td>4</td>
<td>storetest.BankDetails@77f80c04</td></tr>
<tr>
<td title='storetest.StoreDetails.invalidLenUdhayamID()'><b>invalidLenUdhayamID</b><br>Test class: storetest.StoreDetails</td>
<td></td>
<td>2</td>
<td>storetest.StoreDetails@ae13544</td></tr>
<tr>
<td title='storetest.BankDetails.emptyAccountHolderName()'><b>emptyAccountHolderName</b><br>Test class: storetest.BankDetails</td>
<td></td>
<td>4</td>
<td>storetest.BankDetails@77f80c04</td></tr>
<tr>
<td title='storetest.BankDetails.validAccountNumber()'><b>validAccountNumber</b><br>Test class: storetest.BankDetails</td>
<td></td>
<td>4</td>
<td>storetest.BankDetails@77f80c04</td></tr>
<tr>
<td title='storetest.StoreDetails.validstorename()'><b>validstorename</b><br>Test class: storetest.StoreDetails</td>
<td></td>
<td>2</td>
<td>storetest.StoreDetails@ae13544</td></tr>
<tr>
<td title='storetest.StoreDetails.validPhoneNumber()'><b>validPhoneNumber</b><br>Test class: storetest.StoreDetails</td>
<td></td>
<td>3</td>
<td>storetest.StoreDetails@ae13544</td></tr>
<tr>
<td title='storetest.KYCPage.validKYCDocument()'><b>validKYCDocument</b><br>Test class: storetest.KYCPage</td>
<td></td>
<td>13</td>
<td>storetest.KYCPage@1dac5ef</td></tr>
<tr>
<td title='storetest.StoreDetails.lessCharacterLocality()'><b>lessCharacterLocality</b><br>Test class: storetest.StoreDetails</td>
<td></td>
<td>2</td>
<td>storetest.StoreDetails@ae13544</td></tr>
<tr>
<td title='storetest.StoreDetails.pincodeselect()'><b>pincodeselect</b><br>Test class: storetest.StoreDetails</td>
<td></td>
<td>7</td>
<td>storetest.StoreDetails@ae13544</td></tr>
<tr>
<td title='storetest.StoreDetails.validdoorno()'><b>validdoorno</b><br>Test class: storetest.StoreDetails</td>
<td></td>
<td>2</td>
<td>storetest.StoreDetails@ae13544</td></tr>
<tr>
<td title='storetest.BankDetails.backButtonBehaviour()'><b>backButtonBehaviour</b><br>Test class: storetest.BankDetails</td>
<td></td>
<td>12</td>
<td>storetest.BankDetails@77f80c04</td></tr>
<tr>
<td title='storetest.StoreDetails.specialCharEmail()'><b>specialCharEmail</b><br>Test class: storetest.StoreDetails</td>
<td></td>
<td>2</td>
<td>storetest.StoreDetails@ae13544</td></tr>
<tr>
<td title='storetest.StoreDetails.emptydoorno()'><b>emptydoorno</b><br>Test class: storetest.StoreDetails</td>
<td></td>
<td>2</td>
<td>storetest.StoreDetails@ae13544</td></tr>
</table><p>
</body>
</html>